2021-01-04 14:28:47 startup archives unpack
2021-01-04 14:28:47 upgrade python-apt-common:all 1.6.5ubuntu0.4 1.6.5ubuntu0.5
2021-01-04 14:28:47 status half-configured python-apt-common:all 1.6.5ubuntu0.4
2021-01-04 14:28:47 status unpacked python-apt-common:all 1.6.5ubuntu0.4
2021-01-04 14:28:47 status half-installed python-apt-common:all 1.6.5ubuntu0.4
2021-01-04 14:28:47 status half-installed python-apt-common:all 1.6.5ubuntu0.4
2021-01-04 14:28:47 status unpacked python-apt-common:all 1.6.5ubuntu0.5
2021-01-04 14:28:47 status unpacked python-apt-common:all 1.6.5ubuntu0.5
2021-01-04 14:28:47 startup packages configure
2021-01-04 14:28:47 configure python-apt-common:all 1.6.5ubuntu0.5 <none>
2021-01-04 14:28:47 status unpacked python-apt-common:all 1.6.5ubuntu0.5
2021-01-04 14:28:47 status half-configured python-apt-common:all 1.6.5ubuntu0.5
2021-01-04 14:28:47 status installed python-apt-common:all 1.6.5ubuntu0.5
2021-01-04 14:28:50 startup archives unpack
2021-01-04 14:28:51 upgrade python3-apt:amd64 1.6.5ubuntu0.4 1.6.5ubuntu0.5
2021-01-04 14:28:51 status half-configured python3-apt:amd64 1.6.5ubuntu0.4
2021-01-04 14:28:51 status unpacked python3-apt:amd64 1.6.5ubuntu0.4
2021-01-04 14:28:51 status half-installed python3-apt:amd64 1.6.5ubuntu0.4
2021-01-04 14:28:51 status half-installed python3-apt:amd64 1.6.5ubuntu0.4
2021-01-04 14:28:51 status unpacked python3-apt:amd64 1.6.5ubuntu0.5
2021-01-04 14:28:51 status unpacked python3-apt:amd64 1.6.5ubuntu0.5
2021-01-04 14:28:51 startup packages configure
2021-01-04 14:28:51 configure python3-apt:amd64 1.6.5ubuntu0.5 <none>
2021-01-04 14:28:51 status unpacked python3-apt:amd64 1.6.5ubuntu0.5
2021-01-04 14:28:51 status half-configured python3-apt:amd64 1.6.5ubuntu0.5
2021-01-04 14:28:51 status installed python3-apt:amd64 1.6.5ubuntu0.5
2021-01-04 14:28:52 startup archives unpack
2021-01-04 14:28:52 upgrade libproxy1-plugin-networkmanager:amd64 0.4.15-1ubuntu0.1 0.4.15-1ubuntu0.2
2021-01-04 14:28:52 status half-configured libproxy1-plugin-networkmanager:amd64 0.4.15-1ubuntu0.1
2021-01-04 14:28:52 status unpacked libproxy1-plugin-networkmanager:amd64 0.4.15-1ubuntu0.1
2021-01-04 14:28:52 status half-installed libproxy1-plugin-networkmanager:amd64 0.4.15-1ubuntu0.1
2021-01-04 14:28:52 status half-installed libproxy1-plugin-networkmanager:amd64 0.4.15-1ubuntu0.1
2021-01-04 14:28:52 status unpacked libproxy1-plugin-networkmanager:amd64 0.4.15-1ubuntu0.2
2021-01-04 14:28:52 status unpacked libproxy1-plugin-networkmanager:amd64 0.4.15-1ubuntu0.2
2021-01-04 14:28:52 upgrade libproxy1-plugin-gsettings:amd64 0.4.15-1ubuntu0.1 0.4.15-1ubuntu0.2
2021-01-04 14:28:52 status half-configured libproxy1-plugin-gsettings:amd64 0.4.15-1ubuntu0.1
2021-01-04 14:28:52 status unpacked libproxy1-plugin-gsettings:amd64 0.4.15-1ubuntu0.1
2021-01-04 14:28:52 status half-installed libproxy1-plugin-gsettings:amd64 0.4.15-1ubuntu0.1
2021-01-04 14:28:53 status half-installed libproxy1-plugin-gsettings:amd64 0.4.15-1ubuntu0.1
2021-01-04 14:28:53 status unpacked libproxy1-plugin-gsettings:amd64 0.4.15-1ubuntu0.2
2021-01-04 14:28:53 status unpacked libproxy1-plugin-gsettings:amd64 0.4.15-1ubuntu0.2
2021-01-04 14:28:53 upgrade libproxy1v5:amd64 0.4.15-1ubuntu0.1 0.4.15-1ubuntu0.2
2021-01-04 14:28:53 status triggers-pending libc-bin:amd64 2.27-3ubuntu1.3
2021-01-04 14:28:53 status half-configured libproxy1v5:amd64 0.4.15-1ubuntu0.1
2021-01-04 14:28:53 status unpacked libproxy1v5:amd64 0.4.15-1ubuntu0.1
2021-01-04 14:28:53 status half-installed libproxy1v5:amd64 0.4.15-1ubuntu0.1
2021-01-04 14:28:53 status half-installed libproxy1v5:amd64 0.4.15-1ubuntu0.1
2021-01-04 14:28:53 status unpacked libproxy1v5:amd64 0.4.15-1ubuntu0.2
2021-01-04 14:28:53 status unpacked libproxy1v5:amd64 0.4.15-1ubuntu0.2
2021-01-04 14:28:53 startup packages configure
2021-01-04 14:28:53 configure libproxy1v5:amd64 0.4.15-1ubuntu0.2 <none>
2021-01-04 14:28:53 status unpacked libproxy1v5:amd64 0.4.15-1ubuntu0.2
2021-01-04 14:28:53 status half-configured libproxy1v5:amd64 0.4.15-1ubuntu0.2
2021-01-04 14:28:53 status installed libproxy1v5:amd64 0.4.15-1ubuntu0.2
2021-01-04 14:28:53 configure libproxy1-plugin-gsettings:amd64 0.4.15-1ubuntu0.2 <none>
2021-01-04 14:28:53 status unpacked libproxy1-plugin-gsettings:amd64 0.4.15-1ubuntu0.2
2021-01-04 14:28:53 status half-configured libproxy1-plugin-gsettings:amd64 0.4.15-1ubuntu0.2
2021-01-04 14:28:53 status installed libproxy1-plugin-gsettings:amd64 0.4.15-1ubuntu0.2
2021-01-04 14:28:53 configure libproxy1-plugin-networkmanager:amd64 0.4.15-1ubuntu0.2 <none>
2021-01-04 14:28:53 status unpacked libproxy1-plugin-networkmanager:amd64 0.4.15-1ubuntu0.2
2021-01-04 14:28:53 status half-configured libproxy1-plugin-networkmanager:amd64 0.4.15-1ubuntu0.2
2021-01-04 14:28:53 status installed libproxy1-plugin-networkmanager:amd64 0.4.15-1ubuntu0.2
2021-01-04 14:28:53 trigproc libc-bin:amd64 2.27-3ubuntu1.3 <none>
2021-01-04 14:28:53 status half-configured libc-bin:amd64 2.27-3ubuntu1.3
2021-01-04 14:28:53 status installed libc-bin:amd64 2.27-3ubuntu1.3
2021-01-05 09:16:04 startup archives unpack
2021-01-05 09:16:05 upgrade libopenexr22:amd64 2.2.0-11.1ubuntu1.3 2.2.0-11.1ubuntu1.4
2021-01-05 09:16:05 status triggers-pending libc-bin:amd64 2.27-3ubuntu1.3
2021-01-05 09:16:05 status half-configured libopenexr22:amd64 2.2.0-11.1ubuntu1.3
2021-01-05 09:16:05 status unpacked libopenexr22:amd64 2.2.0-11.1ubuntu1.3
2021-01-05 09:16:05 status half-installed libopenexr22:amd64 2.2.0-11.1ubuntu1.3
2021-01-05 09:16:05 status half-installed libopenexr22:amd64 2.2.0-11.1ubuntu1.3
2021-01-05 09:16:05 status unpacked libopenexr22:amd64 2.2.0-11.1ubuntu1.4
2021-01-05 09:16:05 status unpacked libopenexr22:amd64 2.2.0-11.1ubuntu1.4
2021-01-05 09:16:05 startup packages configure
2021-01-05 09:16:05 configure libopenexr22:amd64 2.2.0-11.1ubuntu1.4 <none>
2021-01-05 09:16:05 status unpacked libopenexr22:amd64 2.2.0-11.1ubuntu1.4
2021-01-05 09:16:05 status half-configured libopenexr22:amd64 2.2.0-11.1ubuntu1.4
2021-01-05 09:16:05 status installed libopenexr22:amd64 2.2.0-11.1ubuntu1.4
2021-01-05 09:16:05 trigproc libc-bin:amd64 2.27-3ubuntu1.3 <none>
2021-01-05 09:16:05 status half-configured libc-bin:amd64 2.27-3ubuntu1.3
2021-01-05 09:16:05 status installed libc-bin:amd64 2.27-3ubuntu1.3
2021-01-05 09:16:08 startup archives unpack
2021-01-05 09:16:09 upgrade linux-libc-dev:amd64 4.15.0-128.131 4.15.0-129.132
2021-01-05 09:16:09 status half-configured linux-libc-dev:amd64 4.15.0-128.131
2021-01-05 09:16:09 status unpacked linux-libc-dev:amd64 4.15.0-128.131
2021-01-05 09:16:09 status half-installed linux-libc-dev:amd64 4.15.0-128.131
2021-01-05 09:16:09 status half-installed linux-libc-dev:amd64 4.15.0-128.131
2021-01-05 09:16:09 status unpacked linux-libc-dev:amd64 4.15.0-129.132
2021-01-05 09:16:09 status unpacked linux-libc-dev:amd64 4.15.0-129.132
2021-01-05 09:16:09 startup packages configure
2021-01-05 09:16:09 configure linux-libc-dev:amd64 4.15.0-129.132 <none>
2021-01-05 09:16:09 status unpacked linux-libc-dev:amd64 4.15.0-129.132
2021-01-05 09:16:09 status half-configured linux-libc-dev:amd64 4.15.0-129.132
2021-01-05 09:16:09 status installed linux-libc-dev:amd64 4.15.0-129.132
2021-01-05 09:16:12 startup archives unpack
2021-01-05 09:16:13 install linux-modules-5.4.0-59-generic:amd64 <none> 5.4.0-59.65~18.04.1
2021-01-05 09:16:13 status half-installed linux-modules-5.4.0-59-generic:amd64 5.4.0-59.65~18.04.1
2021-01-05 09:16:14 status unpacked linux-modules-5.4.0-59-generic:amd64 5.4.0-59.65~18.04.1
2021-01-05 09:16:14 status unpacked linux-modules-5.4.0-59-generic:amd64 5.4.0-59.65~18.04.1
2021-01-05 09:16:14 install linux-image-5.4.0-59-generic:amd64 <none> 5.4.0-59.65~18.04.1
2021-01-05 09:16:14 status half-installed linux-image-5.4.0-59-generic:amd64 5.4.0-59.65~18.04.1
2021-01-05 09:16:14 status unpacked linux-image-5.4.0-59-generic:amd64 5.4.0-59.65~18.04.1
2021-01-05 09:16:14 status unpacked linux-image-5.4.0-59-generic:amd64 5.4.0-59.65~18.04.1
2021-01-05 09:16:14 install linux-modules-extra-5.4.0-59-generic:amd64 <none> 5.4.0-59.65~18.04.1
2021-01-05 09:16:14 status half-installed linux-modules-extra-5.4.0-59-generic:amd64 5.4.0-59.65~18.04.1
2021-01-05 09:16:22 status unpacked linux-modules-extra-5.4.0-59-generic:amd64 5.4.0-59.65~18.04.1
2021-01-05 09:16:22 status unpacked linux-modules-extra-5.4.0-59-generic:amd64 5.4.0-59.65~18.04.1
2021-01-05 09:16:22 upgrade linux-generic-hwe-18.04:amd64 5.4.0.58.64~18.04.53 5.4.0.59.65~18.04.54
2021-01-05 09:16:22 status half-configured linux-generic-hwe-18.04:amd64 5.4.0.58.64~18.04.53
2021-01-05 09:16:22 status unpacked linux-generic-hwe-18.04:amd64 5.4.0.58.64~18.04.53
2021-01-05 09:16:22 status half-installed linux-generic-hwe-18.04:amd64 5.4.0.58.64~18.04.53
2021-01-05 09:16:22 status half-installed linux-generic-hwe-18.04:amd64 5.4.0.58.64~18.04.53
2021-01-05 09:16:22 status unpacked linux-generic-hwe-18.04:amd64 5.4.0.59.65~18.04.54
2021-01-05 09:16:22 status unpacked linux-generic-hwe-18.04:amd64 5.4.0.59.65~18.04.54
2021-01-05 09:16:22 upgrade linux-image-generic-hwe-18.04:amd64 5.4.0.58.64~18.04.53 5.4.0.59.65~18.04.54
2021-01-05 09:16:22 status half-configured linux-image-generic-hwe-18.04:amd64 5.4.0.58.64~18.04.53
2021-01-05 09:16:22 status unpacked linux-image-generic-hwe-18.04:amd64 5.4.0.58.64~18.04.53
2021-01-05 09:16:22 status half-installed linux-image-generic-hwe-18.04:amd64 5.4.0.58.64~18.04.53
2021-01-05 09:16:22 status half-installed linux-image-generic-hwe-18.04:amd64 5.4.0.58.64~18.04.53
2021-01-05 09:16:22 status unpacked linux-image-generic-hwe-18.04:amd64 5.4.0.59.65~18.04.54
2021-01-05 09:16:22 status unpacked linux-image-generic-hwe-18.04:amd64 5.4.0.59.65~18.04.54
2021-01-05 09:16:23 install linux-hwe-5.4-headers-5.4.0-59:all <none> 5.4.0-59.65~18.04.1
2021-01-05 09:16:23 status half-installed linux-hwe-5.4-headers-5.4.0-59:all 5.4.0-59.65~18.04.1
2021-01-05 09:16:26 status unpacked linux-hwe-5.4-headers-5.4.0-59:all 5.4.0-59.65~18.04.1
2021-01-05 09:16:26 status unpacked linux-hwe-5.4-headers-5.4.0-59:all 5.4.0-59.65~18.04.1
2021-01-05 09:16:26 install linux-headers-5.4.0-59-generic:amd64 <none> 5.4.0-59.65~18.04.1
2021-01-05 09:16:26 status half-installed linux-headers-5.4.0-59-generic:amd64 5.4.0-59.65~18.04.1
2021-01-05 09:16:29 status unpacked linux-headers-5.4.0-59-generic:amd64 5.4.0-59.65~18.04.1
2021-01-05 09:16:29 status unpacked linux-headers-5.4.0-59-generic:amd64 5.4.0-59.65~18.04.1
2021-01-05 09:16:29 upgrade linux-headers-generic-hwe-18.04:amd64 5.4.0.58.64~18.04.53 5.4.0.59.65~18.04.54
2021-01-05 09:16:29 status half-configured linux-headers-generic-hwe-18.04:amd64 5.4.0.58.64~18.04.53
2021-01-05 09:16:29 status unpacked linux-headers-generic-hwe-18.04:amd64 5.4.0.58.64~18.04.53
2021-01-05 09:16:29 status half-installed linux-headers-generic-hwe-18.04:amd64 5.4.0.58.64~18.04.53
2021-01-05 09:16:29 status half-installed linux-headers-generic-hwe-18.04:amd64 5.4.0.58.64~18.04.53
2021-01-05 09:16:29 status unpacked linux-headers-generic-hwe-18.04:amd64 5.4.0.59.65~18.04.54
2021-01-05 09:16:29 status unpacked linux-headers-generic-hwe-18.04:amd64 5.4.0.59.65~18.04.54
2021-01-05 09:16:29 startup packages configure
2021-01-05 09:16:29 configure linux-modules-5.4.0-59-generic:amd64 5.4.0-59.65~18.04.1 <none>
2021-01-05 09:16:29 status unpacked linux-modules-5.4.0-59-generic:amd64 5.4.0-59.65~18.04.1
2021-01-05 09:16:29 status half-configured linux-modules-5.4.0-59-generic:amd64 5.4.0-59.65~18.04.1
2021-01-05 09:16:30 status installed linux-modules-5.4.0-59-generic:amd64 5.4.0-59.65~18.04.1
2021-01-05 09:16:30 configure linux-hwe-5.4-headers-5.4.0-59:all 5.4.0-59.65~18.04.1 <none>
2021-01-05 09:16:30 status unpacked linux-hwe-5.4-headers-5.4.0-59:all 5.4.0-59.65~18.04.1
2021-01-05 09:16:30 status half-configured linux-hwe-5.4-headers-5.4.0-59:all 5.4.0-59.65~18.04.1
2021-01-05 09:16:30 status installed linux-hwe-5.4-headers-5.4.0-59:all 5.4.0-59.65~18.04.1
2021-01-05 09:16:30 configure linux-image-5.4.0-59-generic:amd64 5.4.0-59.65~18.04.1 <none>
2021-01-05 09:16:30 status unpacked linux-image-5.4.0-59-generic:amd64 5.4.0-59.65~18.04.1
2021-01-05 09:16:30 status half-configured linux-image-5.4.0-59-generic:amd64 5.4.0-59.65~18.04.1
2021-01-05 09:16:31 status installed linux-image-5.4.0-59-generic:amd64 5.4.0-59.65~18.04.1
2021-01-05 09:16:31 status triggers-pending linux-image-5.4.0-59-generic:amd64 5.4.0-59.65~18.04.1
2021-01-05 09:16:31 configure linux-headers-5.4.0-59-generic:amd64 5.4.0-59.65~18.04.1 <none>
2021-01-05 09:16:31 status unpacked linux-headers-5.4.0-59-generic:amd64 5.4.0-59.65~18.04.1
2021-01-05 09:16:31 status half-configured linux-headers-5.4.0-59-generic:amd64 5.4.0-59.65~18.04.1
2021-01-05 09:16:40 status installed linux-headers-5.4.0-59-generic:amd64 5.4.0-59.65~18.04.1
2021-01-05 09:16:40 configure linux-modules-extra-5.4.0-59-generic:amd64 5.4.0-59.65~18.04.1 <none>
2021-01-05 09:16:40 status unpacked linux-modules-extra-5.4.0-59-generic:amd64 5.4.0-59.65~18.04.1
2021-01-05 09:16:40 status half-configured linux-modules-extra-5.4.0-59-generic:amd64 5.4.0-59.65~18.04.1
2021-01-05 09:16:40 status installed linux-modules-extra-5.4.0-59-generic:amd64 5.4.0-59.65~18.04.1
2021-01-05 09:16:40 configure linux-image-generic-hwe-18.04:amd64 5.4.0.59.65~18.04.54 <none>
2021-01-05 09:16:40 status unpacked linux-image-generic-hwe-18.04:amd64 5.4.0.59.65~18.04.54
2021-01-05 09:16:40 status half-configured linux-image-generic-hwe-18.04:amd64 5.4.0.59.65~18.04.54
2021-01-05 09:16:40 status installed linux-image-generic-hwe-18.04:amd64 5.4.0.59.65~18.04.54
2021-01-05 09:16:40 configure linux-headers-generic-hwe-18.04:amd64 5.4.0.59.65~18.04.54 <none>
2021-01-05 09:16:40 status unpacked linux-headers-generic-hwe-18.04:amd64 5.4.0.59.65~18.04.54
2021-01-05 09:16:40 status half-configured linux-headers-generic-hwe-18.04:amd64 5.4.0.59.65~18.04.54
2021-01-05 09:16:40 status installed linux-headers-generic-hwe-18.04:amd64 5.4.0.59.65~18.04.54
2021-01-05 09:16:40 configure linux-generic-hwe-18.04:amd64 5.4.0.59.65~18.04.54 <none>
2021-01-05 09:16:40 status unpacked linux-generic-hwe-18.04:amd64 5.4.0.59.65~18.04.54
2021-01-05 09:16:40 status half-configured linux-generic-hwe-18.04:amd64 5.4.0.59.65~18.04.54
2021-01-05 09:16:40 status installed linux-generic-hwe-18.04:amd64 5.4.0.59.65~18.04.54
2021-01-05 09:16:40 trigproc linux-image-5.4.0-59-generic:amd64 5.4.0-59.65~18.04.1 <none>
2021-01-05 09:16:40 status half-configured linux-image-5.4.0-59-generic:amd64 5.4.0-59.65~18.04.1
2021-01-05 09:16:49 status installed linux-image-5.4.0-59-generic:amd64 5.4.0-59.65~18.04.1
2021-01-06 08:44:28 startup packages remove
2021-01-06 08:44:28 status installed linux-modules-extra-5.4.0-56-generic:amd64 5.4.0-56.62~18.04.1
2021-01-06 08:44:28 remove linux-modules-extra-5.4.0-56-generic:amd64 5.4.0-56.62~18.04.1 <none>
2021-01-06 08:44:28 status half-configured linux-modules-extra-5.4.0-56-generic:amd64 5.4.0-56.62~18.04.1
2021-01-06 08:44:28 status half-installed linux-modules-extra-5.4.0-56-generic:amd64 5.4.0-56.62~18.04.1
2021-01-06 08:44:29 status config-files linux-modules-extra-5.4.0-56-generic:amd64 5.4.0-56.62~18.04.1
2021-01-06 08:44:29 status config-files linux-modules-extra-5.4.0-56-generic:amd64 5.4.0-56.62~18.04.1
2021-01-06 08:44:29 startup packages configure
2021-01-06 08:44:32 startup packages remove
2021-01-06 08:44:32 status installed linux-image-5.4.0-56-generic:amd64 5.4.0-56.62~18.04.1
2021-01-06 08:44:32 remove linux-image-5.4.0-56-generic:amd64 5.4.0-56.62~18.04.1 <none>
2021-01-06 08:44:32 status half-configured linux-image-5.4.0-56-generic:amd64 5.4.0-56.62~18.04.1
2021-01-06 08:44:33 status half-installed linux-image-5.4.0-56-generic:amd64 5.4.0-56.62~18.04.1
2021-01-06 08:44:34 status config-files linux-image-5.4.0-56-generic:amd64 5.4.0-56.62~18.04.1
2021-01-06 08:44:34 status config-files linux-image-5.4.0-56-generic:amd64 5.4.0-56.62~18.04.1
2021-01-06 08:44:34 status installed linux-modules-5.4.0-56-generic:amd64 5.4.0-56.62~18.04.1
2021-01-06 08:44:34 remove linux-modules-5.4.0-56-generic:amd64 5.4.0-56.62~18.04.1 <none>
2021-01-06 08:44:34 status half-configured linux-modules-5.4.0-56-generic:amd64 5.4.0-56.62~18.04.1
2021-01-06 08:44:34 status half-installed linux-modules-5.4.0-56-generic:amd64 5.4.0-56.62~18.04.1
2021-01-06 08:44:34 status config-files linux-modules-5.4.0-56-generic:amd64 5.4.0-56.62~18.04.1
2021-01-06 08:44:34 status config-files linux-modules-5.4.0-56-generic:amd64 5.4.0-56.62~18.04.1
2021-01-06 08:44:34 startup packages configure
2021-01-06 08:44:35 startup packages remove
2021-01-06 08:44:35 status installed linux-headers-5.4.0-56-generic:amd64 5.4.0-56.62~18.04.1
2021-01-06 08:44:35 remove linux-headers-5.4.0-56-generic:amd64 5.4.0-56.62~18.04.1 <none>
2021-01-06 08:44:35 status half-configured linux-headers-5.4.0-56-generic:amd64 5.4.0-56.62~18.04.1
2021-01-06 08:44:35 status half-installed linux-headers-5.4.0-56-generic:amd64 5.4.0-56.62~18.04.1
2021-01-06 08:44:36 status config-files linux-headers-5.4.0-56-generic:amd64 5.4.0-56.62~18.04.1
2021-01-06 08:44:36 status config-files linux-headers-5.4.0-56-generic:amd64 5.4.0-56.62~18.04.1
2021-01-06 08:44:36 status config-files linux-headers-5.4.0-56-generic:amd64 5.4.0-56.62~18.04.1
2021-01-06 08:44:36 status not-installed linux-headers-5.4.0-56-generic:amd64 <none>
2021-01-06 08:44:36 startup packages configure
2021-01-06 08:44:42 startup archives unpack
2021-01-06 08:44:42 upgrade firefox:amd64 84.0+build3-0ubuntu0.18.04.1 84.0.1+build1-0ubuntu0.18.04.1
2021-01-06 08:44:42 status half-configured firefox:amd64 84.0+build3-0ubuntu0.18.04.1
2021-01-06 08:44:42 status unpacked firefox:amd64 84.0+build3-0ubuntu0.18.04.1
2021-01-06 08:44:42 status half-installed firefox:amd64 84.0+build3-0ubuntu0.18.04.1
2021-01-06 08:44:47 status triggers-pending gnome-menus:amd64 3.13.3-11ubuntu1.1
2021-01-06 08:44:47 status triggers-pending desktop-file-utils:amd64 0.23-1ubuntu3.18.04.2
2021-01-06 08:44:47 status triggers-pending mime-support:all 3.60ubuntu1
2021-01-06 08:44:47 status triggers-pending hicolor-icon-theme:all 0.17-2
2021-01-06 08:44:47 status triggers-pending man-db:amd64 2.8.3-2ubuntu0.1
2021-01-06 08:44:47 status half-installed firefox:amd64 84.0+build3-0ubuntu0.18.04.1
2021-01-06 08:44:47 status unpacked firefox:amd64 84.0.1+build1-0ubuntu0.18.04.1
2021-01-06 08:44:47 status unpacked firefox:amd64 84.0.1+build1-0ubuntu0.18.04.1
2021-01-06 08:44:47 startup packages configure
2021-01-06 08:44:47 configure firefox:amd64 84.0.1+build1-0ubuntu0.18.04.1 <none>
2021-01-06 08:44:47 status unpacked firefox:amd64 84.0.1+build1-0ubuntu0.18.04.1
2021-01-06 08:44:47 status unpacked firefox:amd64 84.0.1+build1-0ubuntu0.18.04.1
2021-01-06 08:44:47 status unpacked firefox:amd64 84.0.1+build1-0ubuntu0.18.04.1
2021-01-06 08:44:47 status unpacked firefox:amd64 84.0.1+build1-0ubuntu0.18.04.1
2021-01-06 08:44:47 status unpacked firefox:amd64 84.0.1+build1-0ubuntu0.18.04.1
2021-01-06 08:44:47 status half-configured firefox:amd64 84.0.1+build1-0ubuntu0.18.04.1
2021-01-06 08:44:47 status installed firefox:amd64 84.0.1+build1-0ubuntu0.18.04.1
2021-01-06 08:44:47 trigproc gnome-menus:amd64 3.13.3-11ubuntu1.1 <none>
2021-01-06 08:44:47 status half-configured gnome-menus:amd64 3.13.3-11ubuntu1.1
2021-01-06 08:44:47 status installed gnome-menus:amd64 3.13.3-11ubuntu1.1
2021-01-06 08:44:47 trigproc hicolor-icon-theme:all 0.17-2 <none>
2021-01-06 08:44:47 status half-configured hicolor-icon-theme:all 0.17-2
2021-01-06 08:44:47 status installed hicolor-icon-theme:all 0.17-2
2021-01-06 08:44:47 trigproc mime-support:all 3.60ubuntu1 <none>
2021-01-06 08:44:47 status half-configured mime-support:all 3.60ubuntu1
2021-01-06 08:44:47 status installed mime-support:all 3.60ubuntu1
2021-01-06 08:44:47 trigproc desktop-file-utils:amd64 0.23-1ubuntu3.18.04.2 <none>
2021-01-06 08:44:47 status half-configured desktop-file-utils:amd64 0.23-1ubuntu3.18.04.2
2021-01-06 08:44:47 status installed desktop-file-utils:amd64 0.23-1ubuntu3.18.04.2
2021-01-06 08:44:47 trigproc man-db:amd64 2.8.3-2ubuntu0.1 <none>
2021-01-06 08:44:47 status half-configured man-db:amd64 2.8.3-2ubuntu0.1
2021-01-06 08:44:48 status installed man-db:amd64 2.8.3-2ubuntu0.1
2021-01-06 08:44:51 startup archives unpack
2021-01-06 08:44:51 upgrade firefox-locale-en:amd64 84.0+build3-0ubuntu0.18.04.1 84.0.1+build1-0ubuntu0.18.04.1
2021-01-06 08:44:51 status half-configured firefox-locale-en:amd64 84.0+build3-0ubuntu0.18.04.1
2021-01-06 08:44:51 status unpacked firefox-locale-en:amd64 84.0+build3-0ubuntu0.18.04.1
2021-01-06 08:44:51 status half-installed firefox-locale-en:amd64 84.0+build3-0ubuntu0.18.04.1
2021-01-06 08:44:51 status half-installed firefox-locale-en:amd64 84.0+build3-0ubuntu0.18.04.1
2021-01-06 08:44:51 status unpacked firefox-locale-en:amd64 84.0.1+build1-0ubuntu0.18.04.1
2021-01-06 08:44:51 status unpacked firefox-locale-en:amd64 84.0.1+build1-0ubuntu0.18.04.1
2021-01-06 08:44:51 startup packages configure
2021-01-06 08:44:51 configure firefox-locale-en:amd64 84.0.1+build1-0ubuntu0.18.04.1 <none>
2021-01-06 08:44:51 status unpacked firefox-locale-en:amd64 84.0.1+build1-0ubuntu0.18.04.1
2021-01-06 08:44:51 status half-configured firefox-locale-en:amd64 84.0.1+build1-0ubuntu0.18.04.1
2021-01-06 08:44:51 status installed firefox-locale-en:amd64 84.0.1+build1-0ubuntu0.18.04.1
2021-01-06 08:44:54 startup archives unpack
2021-01-06 08:44:55 upgrade p11-kit-modules:amd64 0.23.9-2 0.23.9-2ubuntu0.1
2021-01-06 08:44:55 status half-configured p11-kit-modules:amd64 0.23.9-2
2021-01-06 08:44:55 status unpacked p11-kit-modules:amd64 0.23.9-2
2021-01-06 08:44:55 status half-installed p11-kit-modules:amd64 0.23.9-2
2021-01-06 08:44:55 status half-installed p11-kit-modules:amd64 0.23.9-2
2021-01-06 08:44:55 status unpacked p11-kit-modules:amd64 0.23.9-2ubuntu0.1
2021-01-06 08:44:55 status unpacked p11-kit-modules:amd64 0.23.9-2ubuntu0.1
2021-01-06 08:44:55 upgrade libp11-kit0:amd64 0.23.9-2 0.23.9-2ubuntu0.1
2021-01-06 08:44:55 status triggers-pending libc-bin:amd64 2.27-3ubuntu1.3
2021-01-06 08:44:55 status half-configured libp11-kit0:amd64 0.23.9-2
2021-01-06 08:44:55 status unpacked libp11-kit0:amd64 0.23.9-2
2021-01-06 08:44:55 status half-installed libp11-kit0:amd64 0.23.9-2
2021-01-06 08:44:55 status half-installed libp11-kit0:amd64 0.23.9-2
2021-01-06 08:44:55 status unpacked libp11-kit0:amd64 0.23.9-2ubuntu0.1
2021-01-06 08:44:55 status unpacked libp11-kit0:amd64 0.23.9-2ubuntu0.1
2021-01-06 08:44:55 startup packages configure
2021-01-06 08:44:55 configure libp11-kit0:amd64 0.23.9-2ubuntu0.1 <none>
2021-01-06 08:44:55 status unpacked libp11-kit0:amd64 0.23.9-2ubuntu0.1
2021-01-06 08:44:55 status half-configured libp11-kit0:amd64 0.23.9-2ubuntu0.1
2021-01-06 08:44:55 status installed libp11-kit0:amd64 0.23.9-2ubuntu0.1
2021-01-06 08:44:55 startup packages configure
2021-01-06 08:44:55 configure p11-kit-modules:amd64 0.23.9-2ubuntu0.1 <none>
2021-01-06 08:44:55 status unpacked p11-kit-modules:amd64 0.23.9-2ubuntu0.1
2021-01-06 08:44:55 status half-configured p11-kit-modules:amd64 0.23.9-2ubuntu0.1
2021-01-06 08:44:55 status installed p11-kit-modules:amd64 0.23.9-2ubuntu0.1
2021-01-06 08:44:55 trigproc libc-bin:amd64 2.27-3ubuntu1.3 <none>
2021-01-06 08:44:55 status half-configured libc-bin:amd64 2.27-3ubuntu1.3
2021-01-06 08:44:55 status installed libc-bin:amd64 2.27-3ubuntu1.3
2021-01-06 08:44:57 startup archives unpack
2021-01-06 08:44:58 upgrade p11-kit:amd64 0.23.9-2 0.23.9-2ubuntu0.1
2021-01-06 08:44:58 status half-configured p11-kit:amd64 0.23.9-2
2021-01-06 08:44:58 status unpacked p11-kit:amd64 0.23.9-2
2021-01-06 08:44:58 status half-installed p11-kit:amd64 0.23.9-2
2021-01-06 08:44:58 status triggers-pending man-db:amd64 2.8.3-2ubuntu0.1
2021-01-06 08:44:58 status half-installed p11-kit:amd64 0.23.9-2
2021-01-06 08:44:58 status unpacked p11-kit:amd64 0.23.9-2ubuntu0.1
2021-01-06 08:44:58 status unpacked p11-kit:amd64 0.23.9-2ubuntu0.1
2021-01-06 08:44:58 startup packages configure
2021-01-06 08:44:58 configure p11-kit:amd64 0.23.9-2ubuntu0.1 <none>
2021-01-06 08:44:58 status unpacked p11-kit:amd64 0.23.9-2ubuntu0.1
2021-01-06 08:44:58 status half-configured p11-kit:amd64 0.23.9-2ubuntu0.1
2021-01-06 08:44:58 status installed p11-kit:amd64 0.23.9-2ubuntu0.1
2021-01-06 08:44:58 trigproc man-db:amd64 2.8.3-2ubuntu0.1 <none>
2021-01-06 08:44:58 status half-configured man-db:amd64 2.8.3-2ubuntu0.1
2021-01-06 08:44:59 status installed man-db:amd64 2.8.3-2ubuntu0.1
2021-01-07 08:38:47 startup archives unpack
2021-01-07 08:38:47 upgrade libwavpack1:amd64 5.1.0-2ubuntu1.4 5.1.0-2ubuntu1.5
2021-01-07 08:38:47 status triggers-pending libc-bin:amd64 2.27-3ubuntu1.3
2021-01-07 08:38:47 status half-configured libwavpack1:amd64 5.1.0-2ubuntu1.4
2021-01-07 08:38:47 status unpacked libwavpack1:amd64 5.1.0-2ubuntu1.4
2021-01-07 08:38:47 status half-installed libwavpack1:amd64 5.1.0-2ubuntu1.4
2021-01-07 08:38:47 status half-installed libwavpack1:amd64 5.1.0-2ubuntu1.4
2021-01-07 08:38:47 status unpacked libwavpack1:amd64 5.1.0-2ubuntu1.5
2021-01-07 08:38:47 status unpacked libwavpack1:amd64 5.1.0-2ubuntu1.5
2021-01-07 08:38:47 startup packages configure
2021-01-07 08:38:47 configure libwavpack1:amd64 5.1.0-2ubuntu1.5 <none>
2021-01-07 08:38:47 status unpacked libwavpack1:amd64 5.1.0-2ubuntu1.5
2021-01-07 08:38:47 status half-configured libwavpack1:amd64 5.1.0-2ubuntu1.5
2021-01-07 08:38:47 status installed libwavpack1:amd64 5.1.0-2ubuntu1.5
2021-01-07 08:38:47 trigproc libc-bin:amd64 2.27-3ubuntu1.3 <none>
2021-01-07 08:38:47 status half-configured libc-bin:amd64 2.27-3ubuntu1.3
2021-01-07 08:38:47 status installed libc-bin:amd64 2.27-3ubuntu1.3
2021-01-07 10:26:16 startup archives unpack
2021-01-07 10:26:17 upgrade libc6-dbg:amd64 2.27-3ubuntu1.3 2.27-3ubuntu1.4
2021-01-07 10:26:17 status half-configured libc6-dbg:amd64 2.27-3ubuntu1.3
2021-01-07 10:26:17 status unpacked libc6-dbg:amd64 2.27-3ubuntu1.3
2021-01-07 10:26:17 status half-installed libc6-dbg:amd64 2.27-3ubuntu1.3
2021-01-07 10:26:17 status half-installed libc6-dbg:amd64 2.27-3ubuntu1.3
2021-01-07 10:26:17 status unpacked libc6-dbg:amd64 2.27-3ubuntu1.4
2021-01-07 10:26:17 status unpacked libc6-dbg:amd64 2.27-3ubuntu1.4
2021-01-07 10:26:17 upgrade libc6-dev:amd64 2.27-3ubuntu1.3 2.27-3ubuntu1.4
2021-01-07 10:26:17 status half-configured libc6-dev:amd64 2.27-3ubuntu1.3
2021-01-07 10:26:17 status unpacked libc6-dev:amd64 2.27-3ubuntu1.3
2021-01-07 10:26:17 status half-installed libc6-dev:amd64 2.27-3ubuntu1.3
2021-01-07 10:26:18 status half-installed libc6-dev:amd64 2.27-3ubuntu1.3
2021-01-07 10:26:18 status unpacked libc6-dev:amd64 2.27-3ubuntu1.4
2021-01-07 10:26:18 status unpacked libc6-dev:amd64 2.27-3ubuntu1.4
2021-01-07 10:26:18 upgrade libc-dev-bin:amd64 2.27-3ubuntu1.3 2.27-3ubuntu1.4
2021-01-07 10:26:18 status half-configured libc-dev-bin:amd64 2.27-3ubuntu1.3
2021-01-07 10:26:18 status unpacked libc-dev-bin:amd64 2.27-3ubuntu1.3
2021-01-07 10:26:18 status half-installed libc-dev-bin:amd64 2.27-3ubuntu1.3
2021-01-07 10:26:18 status triggers-pending man-db:amd64 2.8.3-2ubuntu0.1
2021-01-07 10:26:18 status half-installed libc-dev-bin:amd64 2.27-3ubuntu1.3
2021-01-07 10:26:18 status unpacked libc-dev-bin:amd64 2.27-3ubuntu1.4
2021-01-07 10:26:18 status unpacked libc-dev-bin:amd64 2.27-3ubuntu1.4
2021-01-07 10:26:18 upgrade libc6:amd64 2.27-3ubuntu1.3 2.27-3ubuntu1.4
2021-01-07 10:26:18 status triggers-pending libc-bin:amd64 2.27-3ubuntu1.3
2021-01-07 10:26:18 status half-configured libc6:amd64 2.27-3ubuntu1.3
2021-01-07 10:26:18 status unpacked libc6:amd64 2.27-3ubuntu1.3
2021-01-07 10:26:18 status half-installed libc6:amd64 2.27-3ubuntu1.3
2021-01-07 10:26:18 status half-installed libc6:amd64 2.27-3ubuntu1.3
2021-01-07 10:26:18 status unpacked libc6:amd64 2.27-3ubuntu1.4
2021-01-07 10:26:18 status unpacked libc6:amd64 2.27-3ubuntu1.4
2021-01-07 10:26:18 startup packages configure
2021-01-07 10:26:18 configure libc6:amd64 2.27-3ubuntu1.4 <none>
2021-01-07 10:26:18 status unpacked libc6:amd64 2.27-3ubuntu1.4
2021-01-07 10:26:18 status unpacked libc6:amd64 2.27-3ubuntu1.4
2021-01-07 10:26:18 status half-configured libc6:amd64 2.27-3ubuntu1.4
2021-01-07 10:26:19 status installed libc6:amd64 2.27-3ubuntu1.4
2021-01-07 10:26:19 startup archives unpack
2021-01-07 10:26:19 upgrade locales:all 2.27-3ubuntu1.3 2.27-3ubuntu1.4
2021-01-07 10:26:19 status half-configured locales:all 2.27-3ubuntu1.3
2021-01-07 10:26:19 status unpacked locales:all 2.27-3ubuntu1.3
2021-01-07 10:26:19 status half-installed locales:all 2.27-3ubuntu1.3
2021-01-07 10:26:19 status half-installed locales:all 2.27-3ubuntu1.3
2021-01-07 10:26:19 status unpacked locales:all 2.27-3ubuntu1.4
2021-01-07 10:26:19 status unpacked locales:all 2.27-3ubuntu1.4
2021-01-07 10:26:19 upgrade libc-bin:amd64 2.27-3ubuntu1.3 2.27-3ubuntu1.4
2021-01-07 10:26:19 status half-configured libc-bin:amd64 2.27-3ubuntu1.3
2021-01-07 10:26:19 status unpacked libc-bin:amd64 2.27-3ubuntu1.3
2021-01-07 10:26:19 status half-installed libc-bin:amd64 2.27-3ubuntu1.3
2021-01-07 10:26:19 status half-installed libc-bin:amd64 2.27-3ubuntu1.3
2021-01-07 10:26:19 status unpacked libc-bin:amd64 2.27-3ubuntu1.4
2021-01-07 10:26:19 status unpacked libc-bin:amd64 2.27-3ubuntu1.4
2021-01-07 10:26:19 startup packages configure
2021-01-07 10:26:19 configure libc-bin:amd64 2.27-3ubuntu1.4 <none>
2021-01-07 10:26:19 status unpacked libc-bin:amd64 2.27-3ubuntu1.4
2021-01-07 10:26:19 status unpacked libc-bin:amd64 2.27-3ubuntu1.4
2021-01-07 10:26:19 status unpacked libc-bin:amd64 2.27-3ubuntu1.4
2021-01-07 10:26:19 status unpacked libc-bin:amd64 2.27-3ubuntu1.4
2021-01-07 10:26:19 status unpacked libc-bin:amd64 2.27-3ubuntu1.4
2021-01-07 10:26:19 status unpacked libc-bin:amd64 2.27-3ubuntu1.4
2021-01-07 10:26:19 status half-configured libc-bin:amd64 2.27-3ubuntu1.4
2021-01-07 10:26:19 status installed libc-bin:amd64 2.27-3ubuntu1.4
2021-01-07 10:26:19 startup archives unpack
2021-01-07 10:26:19 upgrade ubuntu-release-upgrader-gtk:all 1:18.04.41 1:18.04.42
2021-01-07 10:26:19 status half-configured ubuntu-release-upgrader-gtk:all 1:18.04.41
2021-01-07 10:26:19 status unpacked ubuntu-release-upgrader-gtk:all 1:18.04.41
2021-01-07 10:26:19 status half-installed ubuntu-release-upgrader-gtk:all 1:18.04.41
2021-01-07 10:26:19 status half-installed ubuntu-release-upgrader-gtk:all 1:18.04.41
2021-01-07 10:26:19 status unpacked ubuntu-release-upgrader-gtk:all 1:18.04.42
2021-01-07 10:26:19 status unpacked ubuntu-release-upgrader-gtk:all 1:18.04.42
2021-01-07 10:26:20 upgrade ubuntu-release-upgrader-core:all 1:18.04.41 1:18.04.42
2021-01-07 10:26:20 status half-configured ubuntu-release-upgrader-core:all 1:18.04.41
2021-01-07 10:26:20 status unpacked ubuntu-release-upgrader-core:all 1:18.04.41
2021-01-07 10:26:20 status half-installed ubuntu-release-upgrader-core:all 1:18.04.41
2021-01-07 10:26:20 status half-installed ubuntu-release-upgrader-core:all 1:18.04.41
2021-01-07 10:26:20 status unpacked ubuntu-release-upgrader-core:all 1:18.04.42
2021-01-07 10:26:20 status unpacked ubuntu-release-upgrader-core:all 1:18.04.42
2021-01-07 10:26:20 upgrade python3-distupgrade:all 1:18.04.41 1:18.04.42
2021-01-07 10:26:20 status half-configured python3-distupgrade:all 1:18.04.41
2021-01-07 10:26:20 status unpacked python3-distupgrade:all 1:18.04.41
2021-01-07 10:26:20 status half-installed python3-distupgrade:all 1:18.04.41
2021-01-07 10:26:20 status half-installed python3-distupgrade:all 1:18.04.41
2021-01-07 10:26:20 status unpacked python3-distupgrade:all 1:18.04.42
2021-01-07 10:26:20 status unpacked python3-distupgrade:all 1:18.04.42
2021-01-07 10:26:20 upgrade update-notifier:amd64 3.192.1.7 3.192.1.9
2021-01-07 10:26:20 status half-configured update-notifier:amd64 3.192.1.7
2021-01-07 10:26:20 status unpacked update-notifier:amd64 3.192.1.7
2021-01-07 10:26:20 status half-installed update-notifier:amd64 3.192.1.7
2021-01-07 10:26:20 status triggers-pending libglib2.0-0:amd64 2.56.4-0ubuntu0.18.04.6
2021-01-07 10:26:20 status half-installed update-notifier:amd64 3.192.1.7
2021-01-07 10:26:20 status triggers-pending hicolor-icon-theme:all 0.17-2
2021-01-07 10:26:20 status half-installed update-notifier:amd64 3.192.1.7
2021-01-07 10:26:20 status unpacked update-notifier:amd64 3.192.1.9
2021-01-07 10:26:20 status unpacked update-notifier:amd64 3.192.1.9
2021-01-07 10:26:20 upgrade update-notifier-common:all 3.192.1.7 3.192.1.9
2021-01-07 10:26:20 status half-configured update-notifier-common:all 3.192.1.7
2021-01-07 10:26:20 status unpacked update-notifier-common:all 3.192.1.7
2021-01-07 10:26:20 status half-installed update-notifier-common:all 3.192.1.7
2021-01-07 10:26:20 status half-installed update-notifier-common:all 3.192.1.7
2021-01-07 10:26:20 status unpacked update-notifier-common:all 3.192.1.9
2021-01-07 10:26:20 status unpacked update-notifier-common:all 3.192.1.9
2021-01-07 10:26:20 upgrade whoopsie:amd64 0.2.62ubuntu0.5 0.2.62ubuntu0.6
2021-01-07 10:26:20 status half-configured whoopsie:amd64 0.2.62ubuntu0.5
2021-01-07 10:26:20 status unpacked whoopsie:amd64 0.2.62ubuntu0.5
2021-01-07 10:26:20 status half-installed whoopsie:amd64 0.2.62ubuntu0.5
2021-01-07 10:26:20 status triggers-pending ureadahead:amd64 0.100.0-21
2021-01-07 10:26:20 status triggers-pending systemd:amd64 237-3ubuntu10.43
2021-01-07 10:26:20 status triggers-pending ureadahead:amd64 0.100.0-21
2021-01-07 10:26:20 status half-installed whoopsie:amd64 0.2.62ubuntu0.5
2021-01-07 10:26:20 status unpacked whoopsie:amd64 0.2.62ubuntu0.6
2021-01-07 10:26:20 status unpacked whoopsie:amd64 0.2.62ubuntu0.6
2021-01-07 10:26:20 upgrade libwhoopsie0:amd64 0.2.62ubuntu0.5 0.2.62ubuntu0.6
2021-01-07 10:26:20 status triggers-pending libc-bin:amd64 2.27-3ubuntu1.4
2021-01-07 10:26:20 status half-configured libwhoopsie0:amd64 0.2.62ubuntu0.5
2021-01-07 10:26:20 status unpacked libwhoopsie0:amd64 0.2.62ubuntu0.5
2021-01-07 10:26:20 status half-installed libwhoopsie0:amd64 0.2.62ubuntu0.5
2021-01-07 10:26:20 status half-installed libwhoopsie0:amd64 0.2.62ubuntu0.5
2021-01-07 10:26:20 status unpacked libwhoopsie0:amd64 0.2.62ubuntu0.6
2021-01-07 10:26:20 status unpacked libwhoopsie0:amd64 0.2.62ubuntu0.6
2021-01-07 10:26:20 upgrade multiarch-support:amd64 2.27-3ubuntu1.3 2.27-3ubuntu1.4
2021-01-07 10:26:20 status half-configured multiarch-support:amd64 2.27-3ubuntu1.3
2021-01-07 10:26:20 status unpacked multiarch-support:amd64 2.27-3ubuntu1.3
2021-01-07 10:26:20 status half-installed multiarch-support:amd64 2.27-3ubuntu1.3
2021-01-07 10:26:20 status half-installed multiarch-support:amd64 2.27-3ubuntu1.3
2021-01-07 10:26:20 status unpacked multiarch-support:amd64 2.27-3ubuntu1.4
2021-01-07 10:26:20 status unpacked multiarch-support:amd64 2.27-3ubuntu1.4
2021-01-07 10:26:21 upgrade python3-problem-report:all 2.20.9-0ubuntu7.20 2.20.9-0ubuntu7.21
2021-01-07 10:26:21 status half-configured python3-problem-report:all 2.20.9-0ubuntu7.20
2021-01-07 10:26:21 status unpacked python3-problem-report:all 2.20.9-0ubuntu7.20
2021-01-07 10:26:21 status half-installed python3-problem-report:all 2.20.9-0ubuntu7.20
2021-01-07 10:26:21 status half-installed python3-problem-report:all 2.20.9-0ubuntu7.20
2021-01-07 10:26:21 status unpacked python3-problem-report:all 2.20.9-0ubuntu7.21
2021-01-07 10:26:21 status unpacked python3-problem-report:all 2.20.9-0ubuntu7.21
2021-01-07 10:26:21 upgrade python3-apport:all 2.20.9-0ubuntu7.20 2.20.9-0ubuntu7.21
2021-01-07 10:26:21 status half-configured python3-apport:all 2.20.9-0ubuntu7.20
2021-01-07 10:26:21 status unpacked python3-apport:all 2.20.9-0ubuntu7.20
2021-01-07 10:26:21 status half-installed python3-apport:all 2.20.9-0ubuntu7.20
2021-01-07 10:26:21 status half-installed python3-apport:all 2.20.9-0ubuntu7.20
2021-01-07 10:26:21 status unpacked python3-apport:all 2.20.9-0ubuntu7.21
2021-01-07 10:26:21 status unpacked python3-apport:all 2.20.9-0ubuntu7.21
2021-01-07 10:26:21 upgrade apport:all 2.20.9-0ubuntu7.20 2.20.9-0ubuntu7.21
2021-01-07 10:26:21 status half-configured apport:all 2.20.9-0ubuntu7.20
2021-01-07 10:26:21 status unpacked apport:all 2.20.9-0ubuntu7.20
2021-01-07 10:26:21 status half-installed apport:all 2.20.9-0ubuntu7.20
2021-01-07 10:26:21 status half-installed apport:all 2.20.9-0ubuntu7.20
2021-01-07 10:26:21 status unpacked apport:all 2.20.9-0ubuntu7.21
2021-01-07 10:26:21 status unpacked apport:all 2.20.9-0ubuntu7.21
2021-01-07 10:26:21 upgrade apport-gtk:all 2.20.9-0ubuntu7.20 2.20.9-0ubuntu7.21
2021-01-07 10:26:21 status half-configured apport-gtk:all 2.20.9-0ubuntu7.20
2021-01-07 10:26:21 status unpacked apport-gtk:all 2.20.9-0ubuntu7.20
2021-01-07 10:26:21 status half-installed apport-gtk:all 2.20.9-0ubuntu7.20
2021-01-07 10:26:21 status triggers-pending gnome-menus:amd64 3.13.3-11ubuntu1.1
2021-01-07 10:26:21 status triggers-pending desktop-file-utils:amd64 0.23-1ubuntu3.18.04.2
2021-01-07 10:26:21 status triggers-pending mime-support:all 3.60ubuntu1
2021-01-07 10:26:21 status half-installed apport-gtk:all 2.20.9-0ubuntu7.20
2021-01-07 10:26:21 status unpacked apport-gtk:all 2.20.9-0ubuntu7.21
2021-01-07 10:26:21 status unpacked apport-gtk:all 2.20.9-0ubuntu7.21
2021-01-07 10:26:21 upgrade containerd.io:amd64 1.3.9-1 1.4.3-1
2021-01-07 10:26:21 status half-configured containerd.io:amd64 1.3.9-1
2021-01-07 10:26:21 status unpacked containerd.io:amd64 1.3.9-1
2021-01-07 10:26:21 status half-installed containerd.io:amd64 1.3.9-1
2021-01-07 10:26:24 status half-installed containerd.io:amd64 1.3.9-1
2021-01-07 10:26:24 status unpacked containerd.io:amd64 1.4.3-1
2021-01-07 10:26:24 status unpacked containerd.io:amd64 1.4.3-1
2021-01-07 10:26:24 upgrade docker-ce-cli:amd64 5:19.03.14~3-0~ubuntu-bionic 5:20.10.2~3-0~ubuntu-bionic
2021-01-07 10:26:24 status half-configured docker-ce-cli:amd64 5:19.03.14~3-0~ubuntu-bionic
2021-01-07 10:26:24 status unpacked docker-ce-cli:amd64 5:19.03.14~3-0~ubuntu-bionic
2021-01-07 10:26:24 status half-installed docker-ce-cli:amd64 5:19.03.14~3-0~ubuntu-bionic
2021-01-07 10:26:27 status half-installed docker-ce-cli:amd64 5:19.03.14~3-0~ubuntu-bionic
2021-01-07 10:26:27 status unpacked docker-ce-cli:amd64 5:20.10.2~3-0~ubuntu-bionic
2021-01-07 10:26:27 status unpacked docker-ce-cli:amd64 5:20.10.2~3-0~ubuntu-bionic
2021-01-07 10:26:27 upgrade docker-ce:amd64 5:19.03.14~3-0~ubuntu-bionic 5:20.10.2~3-0~ubuntu-bionic
2021-01-07 10:26:27 status half-configured docker-ce:amd64 5:19.03.14~3-0~ubuntu-bionic
2021-01-07 10:26:38 status unpacked docker-ce:amd64 5:19.03.14~3-0~ubuntu-bionic
2021-01-07 10:26:38 status half-installed docker-ce:amd64 5:19.03.14~3-0~ubuntu-bionic
2021-01-07 10:26:41 status half-installed docker-ce:amd64 5:19.03.14~3-0~ubuntu-bionic
2021-01-07 10:26:41 status unpacked docker-ce:amd64 5:20.10.2~3-0~ubuntu-bionic
2021-01-07 10:26:41 status unpacked docker-ce:amd64 5:20.10.2~3-0~ubuntu-bionic
2021-01-07 10:26:41 install docker-ce-rootless-extras:amd64 <none> 5:20.10.2~3-0~ubuntu-bionic
2021-01-07 10:26:41 status half-installed docker-ce-rootless-extras:amd64 5:20.10.2~3-0~ubuntu-bionic
2021-01-07 10:26:41 status unpacked docker-ce-rootless-extras:amd64 5:20.10.2~3-0~ubuntu-bionic
2021-01-07 10:26:41 status unpacked docker-ce-rootless-extras:amd64 5:20.10.2~3-0~ubuntu-bionic
2021-01-07 10:26:41 upgrade ghostscript-x:amd64 9.26~dfsg+0-0ubuntu0.18.04.13 9.26~dfsg+0-0ubuntu0.18.04.14
2021-01-07 10:26:41 status half-configured ghostscript-x:amd64 9.26~dfsg+0-0ubuntu0.18.04.13
2021-01-07 10:26:41 status unpacked ghostscript-x:amd64 9.26~dfsg+0-0ubuntu0.18.04.13
2021-01-07 10:26:41 status half-installed ghostscript-x:amd64 9.26~dfsg+0-0ubuntu0.18.04.13
2021-01-07 10:26:41 status half-installed ghostscript-x:amd64 9.26~dfsg+0-0ubuntu0.18.04.13
2021-01-07 10:26:41 status unpacked ghostscript-x:amd64 9.26~dfsg+0-0ubuntu0.18.04.14
2021-01-07 10:26:41 status unpacked ghostscript-x:amd64 9.26~dfsg+0-0ubuntu0.18.04.14
2021-01-07 10:26:41 upgrade ghostscript:amd64 9.26~dfsg+0-0ubuntu0.18.04.13 9.26~dfsg+0-0ubuntu0.18.04.14
2021-01-07 10:26:41 status half-configured ghostscript:amd64 9.26~dfsg+0-0ubuntu0.18.04.13
2021-01-07 10:26:41 status unpacked ghostscript:amd64 9.26~dfsg+0-0ubuntu0.18.04.13
2021-01-07 10:26:41 status half-installed ghostscript:amd64 9.26~dfsg+0-0ubuntu0.18.04.13
2021-01-07 10:26:41 status half-installed ghostscript:amd64 9.26~dfsg+0-0ubuntu0.18.04.13
2021-01-07 10:26:41 status unpacked ghostscript:amd64 9.26~dfsg+0-0ubuntu0.18.04.14
2021-01-07 10:26:41 status unpacked ghostscript:amd64 9.26~dfsg+0-0ubuntu0.18.04.14
2021-01-07 10:26:41 upgrade libgs9:amd64 9.26~dfsg+0-0ubuntu0.18.04.13 9.26~dfsg+0-0ubuntu0.18.04.14
2021-01-07 10:26:41 status half-configured libgs9:amd64 9.26~dfsg+0-0ubuntu0.18.04.13
2021-01-07 10:26:41 status unpacked libgs9:amd64 9.26~dfsg+0-0ubuntu0.18.04.13
2021-01-07 10:26:41 status half-installed libgs9:amd64 9.26~dfsg+0-0ubuntu0.18.04.13
2021-01-07 10:26:42 status half-installed libgs9:amd64 9.26~dfsg+0-0ubuntu0.18.04.13
2021-01-07 10:26:42 status unpacked libgs9:amd64 9.26~dfsg+0-0ubuntu0.18.04.14
2021-01-07 10:26:42 status unpacked libgs9:amd64 9.26~dfsg+0-0ubuntu0.18.04.14
2021-01-07 10:26:42 upgrade libgs9-common:all 9.26~dfsg+0-0ubuntu0.18.04.13 9.26~dfsg+0-0ubuntu0.18.04.14
2021-01-07 10:26:42 status half-configured libgs9-common:all 9.26~dfsg+0-0ubuntu0.18.04.13
2021-01-07 10:26:42 status unpacked libgs9-common:all 9.26~dfsg+0-0ubuntu0.18.04.13
2021-01-07 10:26:42 status half-installed libgs9-common:all 9.26~dfsg+0-0ubuntu0.18.04.13
2021-01-07 10:26:42 status half-installed libgs9-common:all 9.26~dfsg+0-0ubuntu0.18.04.13
2021-01-07 10:26:42 status unpacked libgs9-common:all 9.26~dfsg+0-0ubuntu0.18.04.14
2021-01-07 10:26:42 status unpacked libgs9-common:all 9.26~dfsg+0-0ubuntu0.18.04.14
2021-01-07 10:26:42 upgrade kubeadm:amd64 1.18.1-00 1.20.1-00
2021-01-07 10:26:42 status half-configured kubeadm:amd64 1.18.1-00
2021-01-07 10:26:42 status unpacked kubeadm:amd64 1.18.1-00
2021-01-07 10:26:42 status half-installed kubeadm:amd64 1.18.1-00
2021-01-07 10:26:43 status half-installed kubeadm:amd64 1.18.1-00
2021-01-07 10:26:43 status unpacked kubeadm:amd64 1.20.1-00
2021-01-07 10:26:43 status unpacked kubeadm:amd64 1.20.1-00
2021-01-07 10:26:43 upgrade libinput-bin:amd64 1.10.4-1ubuntu0.18.04.1 1.10.4-1ubuntu0.18.04.2
2021-01-07 10:26:43 status half-configured libinput-bin:amd64 1.10.4-1ubuntu0.18.04.1
2021-01-07 10:26:43 status unpacked libinput-bin:amd64 1.10.4-1ubuntu0.18.04.1
2021-01-07 10:26:43 status half-installed libinput-bin:amd64 1.10.4-1ubuntu0.18.04.1
2021-01-07 10:26:43 status triggers-pending udev:amd64 237-3ubuntu10.43
2021-01-07 10:26:43 status half-installed libinput-bin:amd64 1.10.4-1ubuntu0.18.04.1
2021-01-07 10:26:43 status unpacked libinput-bin:amd64 1.10.4-1ubuntu0.18.04.2
2021-01-07 10:26:43 status unpacked libinput-bin:amd64 1.10.4-1ubuntu0.18.04.2
2021-01-07 10:26:43 upgrade libevdev2:amd64 1.5.8+dfsg-1 1.5.8+dfsg-1ubuntu0.1
2021-01-07 10:26:43 status half-configured libevdev2:amd64 1.5.8+dfsg-1
2021-01-07 10:26:43 status unpacked libevdev2:amd64 1.5.8+dfsg-1
2021-01-07 10:26:43 status half-installed libevdev2:amd64 1.5.8+dfsg-1
2021-01-07 10:26:43 status half-installed libevdev2:amd64 1.5.8+dfsg-1
2021-01-07 10:26:43 status unpacked libevdev2:amd64 1.5.8+dfsg-1ubuntu0.1
2021-01-07 10:26:43 status unpacked libevdev2:amd64 1.5.8+dfsg-1ubuntu0.1
2021-01-07 10:26:43 upgrade libinput10:amd64 1.10.4-1ubuntu0.18.04.1 1.10.4-1ubuntu0.18.04.2
2021-01-07 10:26:43 status half-configured libinput10:amd64 1.10.4-1ubuntu0.18.04.1
2021-01-07 10:26:43 status unpacked libinput10:amd64 1.10.4-1ubuntu0.18.04.1
2021-01-07 10:26:43 status half-installed libinput10:amd64 1.10.4-1ubuntu0.18.04.1
2021-01-07 10:26:43 status half-installed libinput10:amd64 1.10.4-1ubuntu0.18.04.1
2021-01-07 10:26:43 status unpacked libinput10:amd64 1.10.4-1ubuntu0.18.04.2
2021-01-07 10:26:43 status unpacked libinput10:amd64 1.10.4-1ubuntu0.18.04.2
2021-01-07 10:26:43 upgrade libsasl2-modules-db:amd64 2.1.27~101-g0780600+dfsg-3ubuntu2.1 2.1.27~101-g0780600+dfsg-3ubuntu2.3
2021-01-07 10:26:43 status half-configured libsasl2-modules-db:amd64 2.1.27~101-g0780600+dfsg-3ubuntu2.1
2021-01-07 10:26:43 status unpacked libsasl2-modules-db:amd64 2.1.27~101-g0780600+dfsg-3ubuntu2.1
2021-01-07 10:26:43 status half-installed libsasl2-modules-db:amd64 2.1.27~101-g0780600+dfsg-3ubuntu2.1
2021-01-07 10:26:43 status half-installed libsasl2-modules-db:amd64 2.1.27~101-g0780600+dfsg-3ubuntu2.1
2021-01-07 10:26:43 status unpacked libsasl2-modules-db:amd64 2.1.27~101-g0780600+dfsg-3ubuntu2.3
2021-01-07 10:26:43 status unpacked libsasl2-modules-db:amd64 2.1.27~101-g0780600+dfsg-3ubuntu2.3
2021-01-07 10:26:43 upgrade libsasl2-2:amd64 2.1.27~101-g0780600+dfsg-3ubuntu2.1 2.1.27~101-g0780600+dfsg-3ubuntu2.3
2021-01-07 10:26:43 status half-configured libsasl2-2:amd64 2.1.27~101-g0780600+dfsg-3ubuntu2.1
2021-01-07 10:26:43 status unpacked libsasl2-2:amd64 2.1.27~101-g0780600+dfsg-3ubuntu2.1
2021-01-07 10:26:43 status half-installed libsasl2-2:amd64 2.1.27~101-g0780600+dfsg-3ubuntu2.1
2021-01-07 10:26:43 status half-installed libsasl2-2:amd64 2.1.27~101-g0780600+dfsg-3ubuntu2.1
2021-01-07 10:26:43 status unpacked libsasl2-2:amd64 2.1.27~101-g0780600+dfsg-3ubuntu2.3
2021-01-07 10:26:43 status unpacked libsasl2-2:amd64 2.1.27~101-g0780600+dfsg-3ubuntu2.3
2021-01-07 10:26:43 upgrade libsasl2-modules:amd64 2.1.27~101-g0780600+dfsg-3ubuntu2.1 2.1.27~101-g0780600+dfsg-3ubuntu2.3
2021-01-07 10:26:43 status half-configured libsasl2-modules:amd64 2.1.27~101-g0780600+dfsg-3ubuntu2.1
2021-01-07 10:26:43 status unpacked libsasl2-modules:amd64 2.1.27~101-g0780600+dfsg-3ubuntu2.1
2021-01-07 10:26:43 status half-installed libsasl2-modules:amd64 2.1.27~101-g0780600+dfsg-3ubuntu2.1
2021-01-07 10:26:43 status half-installed libsasl2-modules:amd64 2.1.27~101-g0780600+dfsg-3ubuntu2.1
2021-01-07 10:26:43 status unpacked libsasl2-modules:amd64 2.1.27~101-g0780600+dfsg-3ubuntu2.3
2021-01-07 10:26:43 status unpacked libsasl2-modules:amd64 2.1.27~101-g0780600+dfsg-3ubuntu2.3
2021-01-07 10:26:43 upgrade wpasupplicant:amd64 2:2.6-15ubuntu2.5 2:2.6-15ubuntu2.6
2021-01-07 10:26:43 status half-configured wpasupplicant:amd64 2:2.6-15ubuntu2.5
2021-01-07 10:26:43 status unpacked wpasupplicant:amd64 2:2.6-15ubuntu2.5
2021-01-07 10:26:43 status half-installed wpasupplicant:amd64 2:2.6-15ubuntu2.5
2021-01-07 10:26:43 status triggers-pending dbus:amd64 1.12.2-1ubuntu1.2
2021-01-07 10:26:43 status triggers-pending dbus:amd64 1.12.2-1ubuntu1.2
2021-01-07 10:26:43 status half-installed wpasupplicant:amd64 2:2.6-15ubuntu2.5
2021-01-07 10:26:43 status unpacked wpasupplicant:amd64 2:2.6-15ubuntu2.6
2021-01-07 10:26:43 status unpacked wpasupplicant:amd64 2:2.6-15ubuntu2.6
2021-01-07 10:26:43 startup packages configure
2021-01-07 10:26:43 configure libgs9-common:all 9.26~dfsg+0-0ubuntu0.18.04.14 <none>
2021-01-07 10:26:43 status unpacked libgs9-common:all 9.26~dfsg+0-0ubuntu0.18.04.14
2021-01-07 10:26:43 status half-configured libgs9-common:all 9.26~dfsg+0-0ubuntu0.18.04.14
2021-01-07 10:26:43 status installed libgs9-common:all 9.26~dfsg+0-0ubuntu0.18.04.14
2021-01-07 10:26:43 configure libc6-dbg:amd64 2.27-3ubuntu1.4 <none>
2021-01-07 10:26:43 status unpacked libc6-dbg:amd64 2.27-3ubuntu1.4
2021-01-07 10:26:43 status half-configured libc6-dbg:amd64 2.27-3ubuntu1.4
2021-01-07 10:26:43 status installed libc6-dbg:amd64 2.27-3ubuntu1.4
2021-01-07 10:26:43 configure containerd.io:amd64 1.4.3-1 <none>
2021-01-07 10:26:43 status unpacked containerd.io:amd64 1.4.3-1
2021-01-07 10:26:43 status unpacked containerd.io:amd64 1.4.3-1
2021-01-07 10:26:43 status half-configured containerd.io:amd64 1.4.3-1
2021-01-07 10:26:44 status installed containerd.io:amd64 1.4.3-1
2021-01-07 10:26:44 configure update-notifier-common:all 3.192.1.9 <none>
2021-01-07 10:26:44 status unpacked update-notifier-common:all 3.192.1.9
2021-01-07 10:26:44 status unpacked update-notifier-common:all 3.192.1.9
2021-01-07 10:26:44 status unpacked update-notifier-common:all 3.192.1.9
2021-01-07 10:26:44 status unpacked update-notifier-common:all 3.192.1.9
2021-01-07 10:26:44 status unpacked update-notifier-common:all 3.192.1.9
2021-01-07 10:26:44 status unpacked update-notifier-common:all 3.192.1.9
2021-01-07 10:26:44 status unpacked update-notifier-common:all 3.192.1.9
2021-01-07 10:26:44 status unpacked update-notifier-common:all 3.192.1.9
2021-01-07 10:26:44 status unpacked update-notifier-common:all 3.192.1.9
2021-01-07 10:26:44 status unpacked update-notifier-common:all 3.192.1.9
2021-01-07 10:26:44 status unpacked update-notifier-common:all 3.192.1.9
2021-01-07 10:26:44 status half-configured update-notifier-common:all 3.192.1.9
2021-01-07 10:26:44 status installed update-notifier-common:all 3.192.1.9
2021-01-07 10:26:44 configure libevdev2:amd64 1.5.8+dfsg-1ubuntu0.1 <none>
2021-01-07 10:26:44 status unpacked libevdev2:amd64 1.5.8+dfsg-1ubuntu0.1
2021-01-07 10:26:44 status half-configured libevdev2:amd64 1.5.8+dfsg-1ubuntu0.1
2021-01-07 10:26:44 status installed libevdev2:amd64 1.5.8+dfsg-1ubuntu0.1
2021-01-07 10:26:44 configure multiarch-support:amd64 2.27-3ubuntu1.4 <none>
2021-01-07 10:26:44 status unpacked multiarch-support:amd64 2.27-3ubuntu1.4
2021-01-07 10:26:44 status half-configured multiarch-support:amd64 2.27-3ubuntu1.4
2021-01-07 10:26:44 status installed multiarch-support:amd64 2.27-3ubuntu1.4
2021-01-07 10:26:44 configure libsasl2-modules-db:amd64 2.1.27~101-g0780600+dfsg-3ubuntu2.3 <none>
2021-01-07 10:26:44 status unpacked libsasl2-modules-db:amd64 2.1.27~101-g0780600+dfsg-3ubuntu2.3
2021-01-07 10:26:44 status half-configured libsasl2-modules-db:amd64 2.1.27~101-g0780600+dfsg-3ubuntu2.3
2021-01-07 10:26:44 status installed libsasl2-modules-db:amd64 2.1.27~101-g0780600+dfsg-3ubuntu2.3
2021-01-07 10:26:44 configure libsasl2-2:amd64 2.1.27~101-g0780600+dfsg-3ubuntu2.3 <none>
2021-01-07 10:26:44 status unpacked libsasl2-2:amd64 2.1.27~101-g0780600+dfsg-3ubuntu2.3
2021-01-07 10:26:44 status half-configured libsasl2-2:amd64 2.1.27~101-g0780600+dfsg-3ubuntu2.3
2021-01-07 10:26:44 status installed libsasl2-2:amd64 2.1.27~101-g0780600+dfsg-3ubuntu2.3
2021-01-07 10:26:44 configure wpasupplicant:amd64 2:2.6-15ubuntu2.6 <none>
2021-01-07 10:26:44 status unpacked wpasupplicant:amd64 2:2.6-15ubuntu2.6
2021-01-07 10:26:44 status unpacked wpasupplicant:amd64 2:2.6-15ubuntu2.6
2021-01-07 10:26:44 status unpacked wpasupplicant:amd64 2:2.6-15ubuntu2.6
2021-01-07 10:26:44 status unpacked wpasupplicant:amd64 2:2.6-15ubuntu2.6
2021-01-07 10:26:44 status unpacked wpasupplicant:amd64 2:2.6-15ubuntu2.6
2021-01-07 10:26:44 status half-configured wpasupplicant:amd64 2:2.6-15ubuntu2.6
2021-01-07 10:26:44 status installed wpasupplicant:amd64 2:2.6-15ubuntu2.6
2021-01-07 10:26:44 configure libinput-bin:amd64 1.10.4-1ubuntu0.18.04.2 <none>
2021-01-07 10:26:44 status unpacked libinput-bin:amd64 1.10.4-1ubuntu0.18.04.2
2021-01-07 10:26:44 status half-configured libinput-bin:amd64 1.10.4-1ubuntu0.18.04.2
2021-01-07 10:26:44 status installed libinput-bin:amd64 1.10.4-1ubuntu0.18.04.2
2021-01-07 10:26:44 configure python3-problem-report:all 2.20.9-0ubuntu7.21 <none>
2021-01-07 10:26:44 status unpacked python3-problem-report:all 2.20.9-0ubuntu7.21
2021-01-07 10:26:44 status half-configured python3-problem-report:all 2.20.9-0ubuntu7.21
2021-01-07 10:26:44 status installed python3-problem-report:all 2.20.9-0ubuntu7.21
2021-01-07 10:26:44 configure libc-dev-bin:amd64 2.27-3ubuntu1.4 <none>
2021-01-07 10:26:44 status unpacked libc-dev-bin:amd64 2.27-3ubuntu1.4
2021-01-07 10:26:44 status half-configured libc-dev-bin:amd64 2.27-3ubuntu1.4
2021-01-07 10:26:44 status installed libc-dev-bin:amd64 2.27-3ubuntu1.4
2021-01-07 10:26:44 configure libsasl2-modules:amd64 2.1.27~101-g0780600+dfsg-3ubuntu2.3 <none>
2021-01-07 10:26:44 status unpacked libsasl2-modules:amd64 2.1.27~101-g0780600+dfsg-3ubuntu2.3
2021-01-07 10:26:44 status unpacked libsasl2-modules:amd64 2.1.27~101-g0780600+dfsg-3ubuntu2.3
2021-01-07 10:26:44 status half-configured libsasl2-modules:amd64 2.1.27~101-g0780600+dfsg-3ubuntu2.3
2021-01-07 10:26:44 status installed libsasl2-modules:amd64 2.1.27~101-g0780600+dfsg-3ubuntu2.3
2021-01-07 10:26:44 configure docker-ce-cli:amd64 5:20.10.2~3-0~ubuntu-bionic <none>
2021-01-07 10:26:44 status unpacked docker-ce-cli:amd64 5:20.10.2~3-0~ubuntu-bionic
2021-01-07 10:26:44 status half-configured docker-ce-cli:amd64 5:20.10.2~3-0~ubuntu-bionic
2021-01-07 10:26:44 status installed docker-ce-cli:amd64 5:20.10.2~3-0~ubuntu-bionic
2021-01-07 10:26:44 configure kubeadm:amd64 1.20.1-00 <none>
2021-01-07 10:26:44 status unpacked kubeadm:amd64 1.20.1-00
2021-01-07 10:26:44 status unpacked kubeadm:amd64 1.20.1-00
2021-01-07 10:26:44 status half-configured kubeadm:amd64 1.20.1-00
2021-01-07 10:26:44 status installed kubeadm:amd64 1.20.1-00
2021-01-07 10:26:44 configure libgs9:amd64 9.26~dfsg+0-0ubuntu0.18.04.14 <none>
2021-01-07 10:26:44 status unpacked libgs9:amd64 9.26~dfsg+0-0ubuntu0.18.04.14
2021-01-07 10:26:44 status half-configured libgs9:amd64 9.26~dfsg+0-0ubuntu0.18.04.14
2021-01-07 10:26:44 status installed libgs9:amd64 9.26~dfsg+0-0ubuntu0.18.04.14
2021-01-07 10:26:44 configure libc6-dev:amd64 2.27-3ubuntu1.4 <none>
2021-01-07 10:26:44 status unpacked libc6-dev:amd64 2.27-3ubuntu1.4
2021-01-07 10:26:44 status half-configured libc6-dev:amd64 2.27-3ubuntu1.4
2021-01-07 10:26:44 status installed libc6-dev:amd64 2.27-3ubuntu1.4
2021-01-07 10:26:44 configure locales:all 2.27-3ubuntu1.4 <none>
2021-01-07 10:26:44 status unpacked locales:all 2.27-3ubuntu1.4
2021-01-07 10:26:44 status unpacked locales:all 2.27-3ubuntu1.4
2021-01-07 10:26:44 status half-configured locales:all 2.27-3ubuntu1.4
2021-01-07 10:26:54 status installed locales:all 2.27-3ubuntu1.4
2021-01-07 10:26:54 configure libwhoopsie0:amd64 0.2.62ubuntu0.6 <none>
2021-01-07 10:26:54 status unpacked libwhoopsie0:amd64 0.2.62ubuntu0.6
2021-01-07 10:26:54 status half-configured libwhoopsie0:amd64 0.2.62ubuntu0.6
2021-01-07 10:26:54 status installed libwhoopsie0:amd64 0.2.62ubuntu0.6
2021-01-07 10:26:54 configure python3-distupgrade:all 1:18.04.42 <none>
2021-01-07 10:26:54 status unpacked python3-distupgrade:all 1:18.04.42
2021-01-07 10:26:54 status half-configured python3-distupgrade:all 1:18.04.42
2021-01-07 10:26:54 status installed python3-distupgrade:all 1:18.04.42
2021-01-07 10:26:54 configure docker-ce:amd64 5:20.10.2~3-0~ubuntu-bionic <none>
2021-01-07 10:26:54 status unpacked docker-ce:amd64 5:20.10.2~3-0~ubuntu-bionic
2021-01-07 10:26:54 status unpacked docker-ce:amd64 5:20.10.2~3-0~ubuntu-bionic
2021-01-07 10:26:54 status unpacked docker-ce:amd64 5:20.10.2~3-0~ubuntu-bionic
2021-01-07 10:26:54 status unpacked docker-ce:amd64 5:20.10.2~3-0~ubuntu-bionic
2021-01-07 10:26:54 status half-configured docker-ce:amd64 5:20.10.2~3-0~ubuntu-bionic
2021-01-07 10:26:56 status installed docker-ce:amd64 5:20.10.2~3-0~ubuntu-bionic
2021-01-07 10:26:56 configure docker-ce-rootless-extras:amd64 5:20.10.2~3-0~ubuntu-bionic <none>
2021-01-07 10:26:56 status unpacked docker-ce-rootless-extras:amd64 5:20.10.2~3-0~ubuntu-bionic
2021-01-07 10:26:56 status half-configured docker-ce-rootless-extras:amd64 5:20.10.2~3-0~ubuntu-bionic
2021-01-07 10:26:56 status installed docker-ce-rootless-extras:amd64 5:20.10.2~3-0~ubuntu-bionic
2021-01-07 10:26:56 configure libinput10:amd64 1.10.4-1ubuntu0.18.04.2 <none>
2021-01-07 10:26:56 status unpacked libinput10:amd64 1.10.4-1ubuntu0.18.04.2
2021-01-07 10:26:56 status half-configured libinput10:amd64 1.10.4-1ubuntu0.18.04.2
2021-01-07 10:26:56 status installed libinput10:amd64 1.10.4-1ubuntu0.18.04.2
2021-01-07 10:26:56 configure ghostscript:amd64 9.26~dfsg+0-0ubuntu0.18.04.14 <none>
2021-01-07 10:26:56 status unpacked ghostscript:amd64 9.26~dfsg+0-0ubuntu0.18.04.14
2021-01-07 10:26:56 status half-configured ghostscript:amd64 9.26~dfsg+0-0ubuntu0.18.04.14
2021-01-07 10:26:56 status installed ghostscript:amd64 9.26~dfsg+0-0ubuntu0.18.04.14
2021-01-07 10:26:56 configure ubuntu-release-upgrader-core:all 1:18.04.42 <none>
2021-01-07 10:26:56 status unpacked ubuntu-release-upgrader-core:all 1:18.04.42
2021-01-07 10:26:56 status unpacked ubuntu-release-upgrader-core:all 1:18.04.42
2021-01-07 10:26:56 status unpacked ubuntu-release-upgrader-core:all 1:18.04.42
2021-01-07 10:26:56 status unpacked ubuntu-release-upgrader-core:all 1:18.04.42
2021-01-07 10:26:56 status half-configured ubuntu-release-upgrader-core:all 1:18.04.42
2021-01-07 10:26:56 status installed ubuntu-release-upgrader-core:all 1:18.04.42
2021-01-07 10:26:56 configure python3-apport:all 2.20.9-0ubuntu7.21 <none>
2021-01-07 10:26:56 status unpacked python3-apport:all 2.20.9-0ubuntu7.21
2021-01-07 10:26:56 status half-configured python3-apport:all 2.20.9-0ubuntu7.21
2021-01-07 10:26:56 status installed python3-apport:all 2.20.9-0ubuntu7.21
2021-01-07 10:26:56 configure whoopsie:amd64 0.2.62ubuntu0.6 <none>
2021-01-07 10:26:56 status unpacked whoopsie:amd64 0.2.62ubuntu0.6
2021-01-07 10:26:56 status unpacked whoopsie:amd64 0.2.62ubuntu0.6
2021-01-07 10:26:56 status unpacked whoopsie:amd64 0.2.62ubuntu0.6
2021-01-07 10:26:56 status half-configured whoopsie:amd64 0.2.62ubuntu0.6
2021-01-07 10:26:57 status installed whoopsie:amd64 0.2.62ubuntu0.6
2021-01-07 10:26:57 configure apport:all 2.20.9-0ubuntu7.21 <none>
2021-01-07 10:26:57 status unpacked apport:all 2.20.9-0ubuntu7.21
2021-01-07 10:26:57 status unpacked apport:all 2.20.9-0ubuntu7.21
2021-01-07 10:26:57 status unpacked apport:all 2.20.9-0ubuntu7.21
2021-01-07 10:26:57 status unpacked apport:all 2.20.9-0ubuntu7.21
2021-01-07 10:26:57 status unpacked apport:all 2.20.9-0ubuntu7.21
2021-01-07 10:26:57 status unpacked apport:all 2.20.9-0ubuntu7.21
2021-01-07 10:26:57 status unpacked apport:all 2.20.9-0ubuntu7.21
2021-01-07 10:26:57 status unpacked apport:all 2.20.9-0ubuntu7.21
2021-01-07 10:26:57 status unpacked apport:all 2.20.9-0ubuntu7.21
2021-01-07 10:26:57 status half-configured apport:all 2.20.9-0ubuntu7.21
2021-01-07 10:26:57 status installed apport:all 2.20.9-0ubuntu7.21
2021-01-07 10:26:57 configure ghostscript-x:amd64 9.26~dfsg+0-0ubuntu0.18.04.14 <none>
2021-01-07 10:26:57 status unpacked ghostscript-x:amd64 9.26~dfsg+0-0ubuntu0.18.04.14
2021-01-07 10:26:58 status half-configured ghostscript-x:amd64 9.26~dfsg+0-0ubuntu0.18.04.14
2021-01-07 10:26:58 status installed ghostscript-x:amd64 9.26~dfsg+0-0ubuntu0.18.04.14
2021-01-07 10:26:58 configure ubuntu-release-upgrader-gtk:all 1:18.04.42 <none>
2021-01-07 10:26:58 status unpacked ubuntu-release-upgrader-gtk:all 1:18.04.42
2021-01-07 10:26:58 status half-configured ubuntu-release-upgrader-gtk:all 1:18.04.42
2021-01-07 10:26:58 status installed ubuntu-release-upgrader-gtk:all 1:18.04.42
2021-01-07 10:26:58 configure apport-gtk:all 2.20.9-0ubuntu7.21 <none>
2021-01-07 10:26:58 status unpacked apport-gtk:all 2.20.9-0ubuntu7.21
2021-01-07 10:26:58 status half-configured apport-gtk:all 2.20.9-0ubuntu7.21
2021-01-07 10:26:58 status installed apport-gtk:all 2.20.9-0ubuntu7.21
2021-01-07 10:26:58 configure update-notifier:amd64 3.192.1.9 <none>
2021-01-07 10:26:58 status unpacked update-notifier:amd64 3.192.1.9
2021-01-07 10:26:58 status unpacked update-notifier:amd64 3.192.1.9
2021-01-07 10:26:58 status half-configured update-notifier:amd64 3.192.1.9
2021-01-07 10:26:58 status triggers-awaited update-notifier:amd64 3.192.1.9
2021-01-07 10:26:58 trigproc man-db:amd64 2.8.3-2ubuntu0.1 <none>
2021-01-07 10:26:58 status half-configured man-db:amd64 2.8.3-2ubuntu0.1
2021-01-07 10:27:00 status installed man-db:amd64 2.8.3-2ubuntu0.1
2021-01-07 10:27:00 trigproc gnome-menus:amd64 3.13.3-11ubuntu1.1 <none>
2021-01-07 10:27:00 status half-configured gnome-menus:amd64 3.13.3-11ubuntu1.1
2021-01-07 10:27:00 status installed gnome-menus:amd64 3.13.3-11ubuntu1.1
2021-01-07 10:27:00 trigproc dbus:amd64 1.12.2-1ubuntu1.2 <none>
2021-01-07 10:27:00 status half-configured dbus:amd64 1.12.2-1ubuntu1.2
2021-01-07 10:27:00 status installed dbus:amd64 1.12.2-1ubuntu1.2
2021-01-07 10:27:00 trigproc hicolor-icon-theme:all 0.17-2 <none>
2021-01-07 10:27:00 status half-configured hicolor-icon-theme:all 0.17-2
2021-01-07 10:27:01 status installed hicolor-icon-theme:all 0.17-2
2021-01-07 10:27:01 trigproc mime-support:all 3.60ubuntu1 <none>
2021-01-07 10:27:01 status half-configured mime-support:all 3.60ubuntu1
2021-01-07 10:27:01 status installed mime-support:all 3.60ubuntu1
2021-01-07 10:27:01 trigproc ureadahead:amd64 0.100.0-21 <none>
2021-01-07 10:27:01 status half-configured ureadahead:amd64 0.100.0-21
2021-01-07 10:27:01 status installed ureadahead:amd64 0.100.0-21
2021-01-07 10:27:01 trigproc desktop-file-utils:amd64 0.23-1ubuntu3.18.04.2 <none>
2021-01-07 10:27:01 status half-configured desktop-file-utils:amd64 0.23-1ubuntu3.18.04.2
2021-01-07 10:27:01 status installed desktop-file-utils:amd64 0.23-1ubuntu3.18.04.2
2021-01-07 10:27:01 trigproc libglib2.0-0:amd64 2.56.4-0ubuntu0.18.04.6 <none>
2021-01-07 10:27:01 status half-configured libglib2.0-0:amd64 2.56.4-0ubuntu0.18.04.6
2021-01-07 10:27:01 status installed update-notifier:amd64 3.192.1.9
2021-01-07 10:27:01 status installed libglib2.0-0:amd64 2.56.4-0ubuntu0.18.04.6
2021-01-07 10:27:01 trigproc libc-bin:amd64 2.27-3ubuntu1.4 <none>
2021-01-07 10:27:01 status half-configured libc-bin:amd64 2.27-3ubuntu1.4
2021-01-07 10:27:01 status installed libc-bin:amd64 2.27-3ubuntu1.4
2021-01-07 10:27:01 trigproc udev:amd64 237-3ubuntu10.43 <none>
2021-01-07 10:27:01 status half-configured udev:amd64 237-3ubuntu10.43
2021-01-07 10:27:01 status installed udev:amd64 237-3ubuntu10.43
2021-01-07 10:27:01 trigproc systemd:amd64 237-3ubuntu10.43 <none>
2021-01-07 10:27:01 status half-configured systemd:amd64 237-3ubuntu10.43
2021-01-07 10:27:01 status installed systemd:amd64 237-3ubuntu10.43
2021-01-08 09:15:36 startup archives unpack
2021-01-08 09:15:37 upgrade firefox:amd64 84.0.1+build1-0ubuntu0.18.04.1 84.0.2+build1-0ubuntu0.18.04.1
2021-01-08 09:15:37 status half-configured firefox:amd64 84.0.1+build1-0ubuntu0.18.04.1
2021-01-08 09:15:37 status unpacked firefox:amd64 84.0.1+build1-0ubuntu0.18.04.1
2021-01-08 09:15:37 status half-installed firefox:amd64 84.0.1+build1-0ubuntu0.18.04.1
2021-01-08 09:15:41 status triggers-pending gnome-menus:amd64 3.13.3-11ubuntu1.1
2021-01-08 09:15:41 status triggers-pending desktop-file-utils:amd64 0.23-1ubuntu3.18.04.2
2021-01-08 09:15:41 status triggers-pending mime-support:all 3.60ubuntu1
2021-01-08 09:15:41 status triggers-pending hicolor-icon-theme:all 0.17-2
2021-01-08 09:15:41 status triggers-pending man-db:amd64 2.8.3-2ubuntu0.1
2021-01-08 09:15:41 status half-installed firefox:amd64 84.0.1+build1-0ubuntu0.18.04.1
2021-01-08 09:15:41 status unpacked firefox:amd64 84.0.2+build1-0ubuntu0.18.04.1
2021-01-08 09:15:41 status unpacked firefox:amd64 84.0.2+build1-0ubuntu0.18.04.1
2021-01-08 09:15:41 startup packages configure
2021-01-08 09:15:41 configure firefox:amd64 84.0.2+build1-0ubuntu0.18.04.1 <none>
2021-01-08 09:15:41 status unpacked firefox:amd64 84.0.2+build1-0ubuntu0.18.04.1
2021-01-08 09:15:41 status unpacked firefox:amd64 84.0.2+build1-0ubuntu0.18.04.1
2021-01-08 09:15:41 status unpacked firefox:amd64 84.0.2+build1-0ubuntu0.18.04.1
2021-01-08 09:15:41 status unpacked firefox:amd64 84.0.2+build1-0ubuntu0.18.04.1
2021-01-08 09:15:41 status unpacked firefox:amd64 84.0.2+build1-0ubuntu0.18.04.1
2021-01-08 09:15:41 status half-configured firefox:amd64 84.0.2+build1-0ubuntu0.18.04.1
2021-01-08 09:15:41 status installed firefox:amd64 84.0.2+build1-0ubuntu0.18.04.1
2021-01-08 09:15:41 trigproc gnome-menus:amd64 3.13.3-11ubuntu1.1 <none>
2021-01-08 09:15:41 status half-configured gnome-menus:amd64 3.13.3-11ubuntu1.1
2021-01-08 09:15:41 status installed gnome-menus:amd64 3.13.3-11ubuntu1.1
2021-01-08 09:15:41 trigproc hicolor-icon-theme:all 0.17-2 <none>
2021-01-08 09:15:41 status half-configured hicolor-icon-theme:all 0.17-2
2021-01-08 09:15:41 status installed hicolor-icon-theme:all 0.17-2
2021-01-08 09:15:41 trigproc mime-support:all 3.60ubuntu1 <none>
2021-01-08 09:15:41 status half-configured mime-support:all 3.60ubuntu1
2021-01-08 09:15:41 status installed mime-support:all 3.60ubuntu1
2021-01-08 09:15:41 trigproc desktop-file-utils:amd64 0.23-1ubuntu3.18.04.2 <none>
2021-01-08 09:15:41 status half-configured desktop-file-utils:amd64 0.23-1ubuntu3.18.04.2
2021-01-08 09:15:41 status installed desktop-file-utils:amd64 0.23-1ubuntu3.18.04.2
2021-01-08 09:15:41 trigproc man-db:amd64 2.8.3-2ubuntu0.1 <none>
2021-01-08 09:15:41 status half-configured man-db:amd64 2.8.3-2ubuntu0.1
2021-01-08 09:15:42 status installed man-db:amd64 2.8.3-2ubuntu0.1
2021-01-08 09:15:45 startup archives unpack
2021-01-08 09:15:45 upgrade firefox-locale-en:amd64 84.0.1+build1-0ubuntu0.18.04.1 84.0.2+build1-0ubuntu0.18.04.1
2021-01-08 09:15:45 status half-configured firefox-locale-en:amd64 84.0.1+build1-0ubuntu0.18.04.1
2021-01-08 09:15:45 status unpacked firefox-locale-en:amd64 84.0.1+build1-0ubuntu0.18.04.1
2021-01-08 09:15:45 status half-installed firefox-locale-en:amd64 84.0.1+build1-0ubuntu0.18.04.1
2021-01-08 09:15:45 status half-installed firefox-locale-en:amd64 84.0.1+build1-0ubuntu0.18.04.1
2021-01-08 09:15:45 status unpacked firefox-locale-en:amd64 84.0.2+build1-0ubuntu0.18.04.1
2021-01-08 09:15:45 status unpacked firefox-locale-en:amd64 84.0.2+build1-0ubuntu0.18.04.1
2021-01-08 09:15:45 startup packages configure
2021-01-08 09:15:45 configure firefox-locale-en:amd64 84.0.2+build1-0ubuntu0.18.04.1 <none>
2021-01-08 09:15:45 status unpacked firefox-locale-en:amd64 84.0.2+build1-0ubuntu0.18.04.1
2021-01-08 09:15:45 status half-configured firefox-locale-en:amd64 84.0.2+build1-0ubuntu0.18.04.1
2021-01-08 09:15:45 status installed firefox-locale-en:amd64 84.0.2+build1-0ubuntu0.18.04.1
2021-01-08 09:15:47 startup archives unpack
2021-01-08 09:15:47 upgrade linux-libc-dev:amd64 4.15.0-129.132 4.15.0-130.134
2021-01-08 09:15:47 status half-configured linux-libc-dev:amd64 4.15.0-129.132
2021-01-08 09:15:47 status unpacked linux-libc-dev:amd64 4.15.0-129.132
2021-01-08 09:15:47 status half-installed linux-libc-dev:amd64 4.15.0-129.132
2021-01-08 09:15:47 status half-installed linux-libc-dev:amd64 4.15.0-129.132
2021-01-08 09:15:47 status unpacked linux-libc-dev:amd64 4.15.0-130.134
2021-01-08 09:15:47 status unpacked linux-libc-dev:amd64 4.15.0-130.134
2021-01-08 09:15:47 startup packages configure
2021-01-08 09:15:47 configure linux-libc-dev:amd64 4.15.0-130.134 <none>
2021-01-08 09:15:47 status unpacked linux-libc-dev:amd64 4.15.0-130.134
2021-01-08 09:15:47 status half-configured linux-libc-dev:amd64 4.15.0-130.134
2021-01-08 09:15:47 status installed linux-libc-dev:amd64 4.15.0-130.134
2021-01-08 09:15:50 startup archives unpack
2021-01-08 09:15:50 upgrade tzdata:all 2020d-0ubuntu0.18.04 2020f-0ubuntu0.18.04
2021-01-08 09:15:50 status half-configured tzdata:all 2020d-0ubuntu0.18.04
2021-01-08 09:15:50 status unpacked tzdata:all 2020d-0ubuntu0.18.04
2021-01-08 09:15:50 status half-installed tzdata:all 2020d-0ubuntu0.18.04
2021-01-08 09:15:50 status half-installed tzdata:all 2020d-0ubuntu0.18.04
2021-01-08 09:15:50 status unpacked tzdata:all 2020f-0ubuntu0.18.04
2021-01-08 09:15:50 status unpacked tzdata:all 2020f-0ubuntu0.18.04
2021-01-08 09:15:50 startup packages configure
2021-01-08 09:15:50 configure tzdata:all 2020f-0ubuntu0.18.04 <none>
2021-01-08 09:15:50 status unpacked tzdata:all 2020f-0ubuntu0.18.04
2021-01-08 09:15:50 status half-configured tzdata:all 2020f-0ubuntu0.18.04
2021-01-08 09:15:50 status installed tzdata:all 2020f-0ubuntu0.18.04
2021-01-08 09:15:53 startup archives unpack
2021-01-08 09:15:53 install linux-modules-5.4.0-60-generic:amd64 <none> 5.4.0-60.67~18.04.1
2021-01-08 09:15:53 status half-installed linux-modules-5.4.0-60-generic:amd64 5.4.0-60.67~18.04.1
2021-01-08 09:15:54 status unpacked linux-modules-5.4.0-60-generic:amd64 5.4.0-60.67~18.04.1
2021-01-08 09:15:54 status unpacked linux-modules-5.4.0-60-generic:amd64 5.4.0-60.67~18.04.1
2021-01-08 09:15:54 install linux-image-5.4.0-60-generic:amd64 <none> 5.4.0-60.67~18.04.1
2021-01-08 09:15:54 status half-installed linux-image-5.4.0-60-generic:amd64 5.4.0-60.67~18.04.1
2021-01-08 09:15:55 status unpacked linux-image-5.4.0-60-generic:amd64 5.4.0-60.67~18.04.1
2021-01-08 09:15:55 status unpacked linux-image-5.4.0-60-generic:amd64 5.4.0-60.67~18.04.1
2021-01-08 09:15:55 install linux-modules-extra-5.4.0-60-generic:amd64 <none> 5.4.0-60.67~18.04.1
2021-01-08 09:15:55 status half-installed linux-modules-extra-5.4.0-60-generic:amd64 5.4.0-60.67~18.04.1
2021-01-08 09:15:58 status unpacked linux-modules-extra-5.4.0-60-generic:amd64 5.4.0-60.67~18.04.1
2021-01-08 09:15:58 status unpacked linux-modules-extra-5.4.0-60-generic:amd64 5.4.0-60.67~18.04.1
2021-01-08 09:15:58 upgrade linux-generic-hwe-18.04:amd64 5.4.0.59.65~18.04.54 5.4.0.60.67~18.04.55
2021-01-08 09:15:58 status half-configured linux-generic-hwe-18.04:amd64 5.4.0.59.65~18.04.54
2021-01-08 09:15:58 status unpacked linux-generic-hwe-18.04:amd64 5.4.0.59.65~18.04.54
2021-01-08 09:15:58 status half-installed linux-generic-hwe-18.04:amd64 5.4.0.59.65~18.04.54
2021-01-08 09:15:58 status half-installed linux-generic-hwe-18.04:amd64 5.4.0.59.65~18.04.54
2021-01-08 09:15:58 status unpacked linux-generic-hwe-18.04:amd64 5.4.0.60.67~18.04.55
2021-01-08 09:15:58 status unpacked linux-generic-hwe-18.04:amd64 5.4.0.60.67~18.04.55
2021-01-08 09:15:58 upgrade linux-image-generic-hwe-18.04:amd64 5.4.0.59.65~18.04.54 5.4.0.60.67~18.04.55
2021-01-08 09:15:58 status half-configured linux-image-generic-hwe-18.04:amd64 5.4.0.59.65~18.04.54
2021-01-08 09:15:58 status unpacked linux-image-generic-hwe-18.04:amd64 5.4.0.59.65~18.04.54
2021-01-08 09:15:58 status half-installed linux-image-generic-hwe-18.04:amd64 5.4.0.59.65~18.04.54
2021-01-08 09:15:58 status half-installed linux-image-generic-hwe-18.04:amd64 5.4.0.59.65~18.04.54
2021-01-08 09:15:58 status unpacked linux-image-generic-hwe-18.04:amd64 5.4.0.60.67~18.04.55
2021-01-08 09:15:58 status unpacked linux-image-generic-hwe-18.04:amd64 5.4.0.60.67~18.04.55
2021-01-08 09:15:58 install linux-hwe-5.4-headers-5.4.0-60:all <none> 5.4.0-60.67~18.04.1
2021-01-08 09:15:58 status half-installed linux-hwe-5.4-headers-5.4.0-60:all 5.4.0-60.67~18.04.1
2021-01-08 09:16:02 status unpacked linux-hwe-5.4-headers-5.4.0-60:all 5.4.0-60.67~18.04.1
2021-01-08 09:16:02 status unpacked linux-hwe-5.4-headers-5.4.0-60:all 5.4.0-60.67~18.04.1
2021-01-08 09:16:02 install linux-headers-5.4.0-60-generic:amd64 <none> 5.4.0-60.67~18.04.1
2021-01-08 09:16:02 status half-installed linux-headers-5.4.0-60-generic:amd64 5.4.0-60.67~18.04.1
2021-01-08 09:16:04 status unpacked linux-headers-5.4.0-60-generic:amd64 5.4.0-60.67~18.04.1
2021-01-08 09:16:04 status unpacked linux-headers-5.4.0-60-generic:amd64 5.4.0-60.67~18.04.1
2021-01-08 09:16:04 upgrade linux-headers-generic-hwe-18.04:amd64 5.4.0.59.65~18.04.54 5.4.0.60.67~18.04.55
2021-01-08 09:16:04 status half-configured linux-headers-generic-hwe-18.04:amd64 5.4.0.59.65~18.04.54
2021-01-08 09:16:04 status unpacked linux-headers-generic-hwe-18.04:amd64 5.4.0.59.65~18.04.54
2021-01-08 09:16:04 status half-installed linux-headers-generic-hwe-18.04:amd64 5.4.0.59.65~18.04.54
2021-01-08 09:16:04 status half-installed linux-headers-generic-hwe-18.04:amd64 5.4.0.59.65~18.04.54
2021-01-08 09:16:04 status unpacked linux-headers-generic-hwe-18.04:amd64 5.4.0.60.67~18.04.55
2021-01-08 09:16:04 status unpacked linux-headers-generic-hwe-18.04:amd64 5.4.0.60.67~18.04.55
2021-01-08 09:16:04 startup packages configure
2021-01-08 09:16:04 configure linux-hwe-5.4-headers-5.4.0-60:all 5.4.0-60.67~18.04.1 <none>
2021-01-08 09:16:04 status unpacked linux-hwe-5.4-headers-5.4.0-60:all 5.4.0-60.67~18.04.1
2021-01-08 09:16:04 status half-configured linux-hwe-5.4-headers-5.4.0-60:all 5.4.0-60.67~18.04.1
2021-01-08 09:16:04 status installed linux-hwe-5.4-headers-5.4.0-60:all 5.4.0-60.67~18.04.1
2021-01-08 09:16:04 configure linux-modules-5.4.0-60-generic:amd64 5.4.0-60.67~18.04.1 <none>
2021-01-08 09:16:04 status unpacked linux-modules-5.4.0-60-generic:amd64 5.4.0-60.67~18.04.1
2021-01-08 09:16:04 status half-configured linux-modules-5.4.0-60-generic:amd64 5.4.0-60.67~18.04.1
2021-01-08 09:16:05 status installed linux-modules-5.4.0-60-generic:amd64 5.4.0-60.67~18.04.1
2021-01-08 09:16:05 configure linux-headers-5.4.0-60-generic:amd64 5.4.0-60.67~18.04.1 <none>
2021-01-08 09:16:05 status unpacked linux-headers-5.4.0-60-generic:amd64 5.4.0-60.67~18.04.1
2021-01-08 09:16:05 status half-configured linux-headers-5.4.0-60-generic:amd64 5.4.0-60.67~18.04.1
2021-01-08 09:16:14 status installed linux-headers-5.4.0-60-generic:amd64 5.4.0-60.67~18.04.1
2021-01-08 09:16:14 configure linux-headers-generic-hwe-18.04:amd64 5.4.0.60.67~18.04.55 <none>
2021-01-08 09:16:14 status unpacked linux-headers-generic-hwe-18.04:amd64 5.4.0.60.67~18.04.55
2021-01-08 09:16:14 status half-configured linux-headers-generic-hwe-18.04:amd64 5.4.0.60.67~18.04.55
2021-01-08 09:16:14 status installed linux-headers-generic-hwe-18.04:amd64 5.4.0.60.67~18.04.55
2021-01-08 09:16:14 configure linux-image-5.4.0-60-generic:amd64 5.4.0-60.67~18.04.1 <none>
2021-01-08 09:16:14 status unpacked linux-image-5.4.0-60-generic:amd64 5.4.0-60.67~18.04.1
2021-01-08 09:16:14 status half-configured linux-image-5.4.0-60-generic:amd64 5.4.0-60.67~18.04.1
2021-01-08 09:16:14 status installed linux-image-5.4.0-60-generic:amd64 5.4.0-60.67~18.04.1
2021-01-08 09:16:14 status triggers-pending linux-image-5.4.0-60-generic:amd64 5.4.0-60.67~18.04.1
2021-01-08 09:16:14 configure linux-modules-extra-5.4.0-60-generic:amd64 5.4.0-60.67~18.04.1 <none>
2021-01-08 09:16:14 status unpacked linux-modules-extra-5.4.0-60-generic:amd64 5.4.0-60.67~18.04.1
2021-01-08 09:16:14 status half-configured linux-modules-extra-5.4.0-60-generic:amd64 5.4.0-60.67~18.04.1
2021-01-08 09:16:14 status installed linux-modules-extra-5.4.0-60-generic:amd64 5.4.0-60.67~18.04.1
2021-01-08 09:16:14 configure linux-image-generic-hwe-18.04:amd64 5.4.0.60.67~18.04.55 <none>
2021-01-08 09:16:14 status unpacked linux-image-generic-hwe-18.04:amd64 5.4.0.60.67~18.04.55
2021-01-08 09:16:14 status half-configured linux-image-generic-hwe-18.04:amd64 5.4.0.60.67~18.04.55
2021-01-08 09:16:14 status installed linux-image-generic-hwe-18.04:amd64 5.4.0.60.67~18.04.55
2021-01-08 09:16:14 configure linux-generic-hwe-18.04:amd64 5.4.0.60.67~18.04.55 <none>
2021-01-08 09:16:14 status unpacked linux-generic-hwe-18.04:amd64 5.4.0.60.67~18.04.55
2021-01-08 09:16:14 status half-configured linux-generic-hwe-18.04:amd64 5.4.0.60.67~18.04.55
2021-01-08 09:16:14 status installed linux-generic-hwe-18.04:amd64 5.4.0.60.67~18.04.55
2021-01-08 09:16:14 trigproc linux-image-5.4.0-60-generic:amd64 5.4.0-60.67~18.04.1 <none>
2021-01-08 09:16:14 status half-configured linux-image-5.4.0-60-generic:amd64 5.4.0-60.67~18.04.1
2021-01-08 09:16:23 status installed linux-image-5.4.0-60-generic:amd64 5.4.0-60.67~18.04.1
2021-01-10 09:00:21 startup packages remove
2021-01-10 09:00:21 status installed linux-modules-extra-5.4.0-58-generic:amd64 5.4.0-58.64~18.04.1
2021-01-10 09:00:22 remove linux-modules-extra-5.4.0-58-generic:amd64 5.4.0-58.64~18.04.1 <none>
2021-01-10 09:00:22 status half-configured linux-modules-extra-5.4.0-58-generic:amd64 5.4.0-58.64~18.04.1
2021-01-10 09:00:22 status half-installed linux-modules-extra-5.4.0-58-generic:amd64 5.4.0-58.64~18.04.1
2021-01-10 09:00:22 status config-files linux-modules-extra-5.4.0-58-generic:amd64 5.4.0-58.64~18.04.1
2021-01-10 09:00:22 status config-files linux-modules-extra-5.4.0-58-generic:amd64 5.4.0-58.64~18.04.1
2021-01-10 09:00:22 status installed linux-image-5.4.0-58-generic:amd64 5.4.0-58.64~18.04.1
2021-01-10 09:00:22 remove linux-image-5.4.0-58-generic:amd64 5.4.0-58.64~18.04.1 <none>
2021-01-10 09:00:22 status half-configured linux-image-5.4.0-58-generic:amd64 5.4.0-58.64~18.04.1
2021-01-10 09:00:23 status half-installed linux-image-5.4.0-58-generic:amd64 5.4.0-58.64~18.04.1
2021-01-10 09:00:24 status config-files linux-image-5.4.0-58-generic:amd64 5.4.0-58.64~18.04.1
2021-01-10 09:00:24 status config-files linux-image-5.4.0-58-generic:amd64 5.4.0-58.64~18.04.1
2021-01-10 09:00:24 startup packages configure
2021-01-10 09:00:26 startup packages remove
2021-01-10 09:00:26 status installed linux-headers-5.4.0-58-generic:amd64 5.4.0-58.64~18.04.1
2021-01-10 09:00:27 remove linux-headers-5.4.0-58-generic:amd64 5.4.0-58.64~18.04.1 <none>
2021-01-10 09:00:27 status half-configured linux-headers-5.4.0-58-generic:amd64 5.4.0-58.64~18.04.1
2021-01-10 09:00:27 status half-installed linux-headers-5.4.0-58-generic:amd64 5.4.0-58.64~18.04.1
2021-01-10 09:00:28 status config-files linux-headers-5.4.0-58-generic:amd64 5.4.0-58.64~18.04.1
2021-01-10 09:00:28 status config-files linux-headers-5.4.0-58-generic:amd64 5.4.0-58.64~18.04.1
2021-01-10 09:00:28 status config-files linux-headers-5.4.0-58-generic:amd64 5.4.0-58.64~18.04.1
2021-01-10 09:00:28 status not-installed linux-headers-5.4.0-58-generic:amd64 <none>
2021-01-10 09:00:28 startup packages configure
2021-01-10 09:00:30 startup packages remove
2021-01-10 09:00:30 status installed linux-modules-5.4.0-58-generic:amd64 5.4.0-58.64~18.04.1
2021-01-10 09:00:31 remove linux-modules-5.4.0-58-generic:amd64 5.4.0-58.64~18.04.1 <none>
2021-01-10 09:00:31 status half-configured linux-modules-5.4.0-58-generic:amd64 5.4.0-58.64~18.04.1
2021-01-10 09:00:31 status half-installed linux-modules-5.4.0-58-generic:amd64 5.4.0-58.64~18.04.1
2021-01-10 09:00:31 status config-files linux-modules-5.4.0-58-generic:amd64 5.4.0-58.64~18.04.1
2021-01-10 09:00:31 status config-files linux-modules-5.4.0-58-generic:amd64 5.4.0-58.64~18.04.1
2021-01-10 09:00:31 startup packages configure
